#
# There is insufficient memory for the Java Runtime Environment to continue.
# Native memory allocation (malloc) failed to allocate 32744 bytes for Chunk::new
# Possible reasons:
#   The system is out of physical RAM or swap space
#   The process is running with CompressedOops enabled, and the Java Heap may be blocking the growth of the native heap
# Possible solutions:
#   Reduce memory load on the system
#   Increase physical memory or swap space
#   Check if swap backing store is full
#   Decrease Java heap size (-Xmx/-Xms)
#   Decrease number of Java threads
#   Decrease Java thread stack sizes (-Xss)
#   Set larger code cache with -XX:ReservedCodeCacheSize=
#   JVM is running with Unscaled Compressed Oops mode in which the Java heap is
#     placed in the first 4GB address space. The Java Heap base address is the
#     maximum limit for the native heap growth. Please use -XX:HeapBaseMinAddress
#     to set the Java Heap base and to place the Java Heap above 4GB virtual address.
# This output file may be truncated or incomplete.
#
#  Out of Memory Error (arena.cpp:168), pid=12864, tid=13192
#
# JRE version: Java(TM) SE Runtime Environment (21.0.2+13) (build 21.0.2+13-LTS-58)
# Java VM: Java HotSpot(TM) 64-Bit Server VM (21.0.2+13-LTS-58, mixed mode, sharing, tiered, compressed oops, compressed class ptrs, g1 gc, windows-amd64)
# No core dump will be written. Minidumps are not enabled by default on client versions of Windows
#

---------------  S U M M A R Y ------------

Command Line: -Dfile.encoding=UTF-8 --module-path=C:\Users\HUGET FIRMANSYAH\Downloads\New folder\Inventory-main\Inventory-main\build\classes view.MenuUtama

Host: Intel(R) Core(TM) i5-6400 CPU @ 2.70GHz, 4 cores, 7G,  Windows 10 , 64 bit Build 19041 (10.0.19041.3636)
Time: Mon Jul  1 19:45:09 2024 SE Asia Standard Time elapsed time: 2453.799170 seconds (0d 0h 40m 53s)

---------------  T H R E A D  ---------------

Current thread (0x000001d1fc9b29e0):  JavaThread "C2 CompilerThread0" daemon [_thread_in_native, id=13192, stack(0x0000005328000000,0x0000005328100000) (1024K)]


Current CompileTask:
C2:2453799 1981       4       javax.swing.UIDefaults$TextAndMnemonicHashMap::get (358 bytes)

Stack: [0x0000005328000000,0x0000005328100000]
Native frames: (J=compiled Java code, j=interpreted, Vv=VM code, C=native code)
V  [jvm.dll+0x6cade9]
V  [jvm.dll+0x8569c1]
V  [jvm.dll+0x858d2e]
V  [jvm.dll+0x859413]
V  [jvm.dll+0x280e56]
V  [jvm.dll+0xc3f3d]
V  [jvm.dll+0xc4473]
V  [jvm.dll+0xc4065]
V  [jvm.dll+0x2e8503]
V  [jvm.dll+0x2e83ab]
V  [jvm.dll+0x812b01]
V  [jvm.dll+0x811264]
V  [jvm.dll+0x8156f8]
V  [jvm.dll+0x815298]
V  [jvm.dll+0x3981e3]
V  [jvm.dll+0x6e7e4f]
V  [jvm.dll+0x6e7cd6]
V  [jvm.dll+0x6e316b]
V  [jvm.dll+0x6dd596]
V  [jvm.dll+0x6dca2e]
V  [jvm.dll+0x6dac4c]
V  [jvm.dll+0x1cc90c]
V  [jvm.dll+0x1cd48a]
V  [jvm.dll+0x2f358f]
V  [jvm.dll+0x6e52e4]
V  [jvm.dll+0x6dd596]
V  [jvm.dll+0x6dca2e]
V  [jvm.dll+0x6dac4c]
V  [jvm.dll+0x1cc90c]
V  [jvm.dll+0x1cd48a]
V  [jvm.dll+0x2f358f]
V  [jvm.dll+0x6e52e4]
V  [jvm.dll+0x6dd596]
V  [jvm.dll+0x6dca2e]
V  [jvm.dll+0x6dac4c]
V  [jvm.dll+0x1cc90c]
V  [jvm.dll+0x248d3d]
V  [jvm.dll+0x1c9634]
V  [jvm.dll+0x258859]
V  [jvm.dll+0x256e3a]
V  [jvm.dll+0x3ef6c6]
V  [jvm.dll+0x7ff568]
V  [jvm.dll+0x6c953d]
C  [ucrtbase.dll+0x21bb2]
C  [KERNEL32.DLL+0x17344]
C  [ntdll.dll+0x4cc91]


---------------  P R O C E S S  ---------------

Threads class SMR info:
_java_thread_list=0x000001d1fe4b13e0, length=17, elements={
0x000001d1fc99a200, 0x000001d1fc99ad30, 0x000001d1fc99f540, 0x000001d1fc99fe30,
0x000001d1fc9ac4c0, 0x000001d1fc9acb30, 0x000001d1fc9b29e0, 0x000001d1fc9d50b0,
0x000001d1fcbda730, 0x000001d1fcc7ffb0, 0x000001d1fcd07660, 0x000001d1fce00820,
0x000001d1fce03540, 0x000001d1fe0a2da0, 0x000001d1de7db780, 0x000001d1fe7d41d0,
0x000001d1fe7e5ce0
}

Java Threads: ( => current thread )
  0x000001d1fc99a200 JavaThread "Reference Handler"          daemon [_thread_blocked, id=14188, stack(0x0000005327a00000,0x0000005327b00000) (1024K)]
  0x000001d1fc99ad30 JavaThread "Finalizer"                  daemon [_thread_blocked, id=11616, stack(0x0000005327b00000,0x0000005327c00000) (1024K)]
  0x000001d1fc99f540 JavaThread "Signal Dispatcher"          daemon [_thread_blocked, id=4192, stack(0x0000005327c00000,0x0000005327d00000) (1024K)]
  0x000001d1fc99fe30 JavaThread "Attach Listener"            daemon [_thread_blocked, id=1116, stack(0x0000005327d00000,0x0000005327e00000) (1024K)]
  0x000001d1fc9ac4c0 JavaThread "Service Thread"             daemon [_thread_blocked, id=2392, stack(0x0000005327e00000,0x0000005327f00000) (1024K)]
  0x000001d1fc9acb30 JavaThread "Monitor Deflation Thread"   daemon [_thread_blocked, id=13640, stack(0x0000005327f00000,0x0000005328000000) (1024K)]
=>0x000001d1fc9b29e0 JavaThread "C2 CompilerThread0"         daemon [_thread_in_native, id=13192, stack(0x0000005328000000,0x0000005328100000) (1024K)]
  0x000001d1fc9d50b0 JavaThread "C1 CompilerThread0"         daemon [_thread_blocked, id=6388, stack(0x0000005328100000,0x0000005328200000) (1024K)]
  0x000001d1fcbda730 JavaThread "Common-Cleaner"             daemon [_thread_blocked, id=15724, stack(0x0000005328200000,0x0000005328300000) (1024K)]
  0x000001d1fcc7ffb0 JavaThread "Notification Thread"        daemon [_thread_blocked, id=3988, stack(0x0000005328300000,0x0000005328400000) (1024K)]
  0x000001d1fcd07660 JavaThread "Java2D Disposer"            daemon [_thread_blocked, id=14996, stack(0x0000005328400000,0x0000005328500000) (1024K)]
  0x000001d1fce00820 JavaThread "AWT-Shutdown"                      [_thread_blocked, id=6532, stack(0x0000005328500000,0x0000005328600000) (1024K)]
  0x000001d1fce03540 JavaThread "AWT-Windows"                daemon [_thread_in_native, id=16304, stack(0x0000005328600000,0x0000005328700000) (1024K)]
  0x000001d1fe0a2da0 JavaThread "AWT-EventQueue-0"                  [_thread_blocked, id=6100, stack(0x0000005328700000,0x0000005328800000) (1024K)]
  0x000001d1de7db780 JavaThread "DestroyJavaVM"                     [_thread_blocked, id=15616, stack(0x0000005327200000,0x0000005327300000) (1024K)]
  0x000001d1fe7d41d0 JavaThread "TimerQueue"                 daemon [_thread_blocked, id=12008, stack(0x0000005329100000,0x0000005329200000) (1024K)]
  0x000001d1fe7e5ce0 JavaThread "D3D Screen Updater"         daemon [_thread_blocked, id=1132, stack(0x0000005329200000,0x0000005329300000) (1024K)]
Total: 17

Other Threads:
  0x000001d1fc9766e0 VMThread "VM Thread"                           [id=15072, stack(0x0000005327900000,0x0000005327a00000) (1024K)]
  0x000001d1fc961ba0 WatcherThread "VM Periodic Task Thread"        [id=10592, stack(0x0000005327800000,0x0000005327900000) (1024K)]
  0x000001d1e08dc970 WorkerThread "GC Thread#0"                     [id=2568, stack(0x0000005327300000,0x0000005327400000) (1024K)]
  0x000001d1c9949c10 WorkerThread "GC Thread#1"                     [id=10040, stack(0x0000005327100000,0x0000005327200000) (1024K)]
  0x000001d1fcc0e600 WorkerThread "GC Thread#2"                     [id=12136, stack(0x0000005328800000,0x0000005328900000) (1024K)]
  0x000001d1fcc0e9a0 WorkerThread "GC Thread#3"                     [id=7804, stack(0x0000005329000000,0x0000005329100000) (1024K)]
  0x000001d1e08ed8d0 ConcurrentGCThread "G1 Main Marker"            [id=9708, stack(0x0000005327400000,0x0000005327500000) (1024K)]
  0x000001d1e08eea80 WorkerThread "G1 Conc#0"                       [id=6504, stack(0x0000005327500000,0x0000005327600000) (1024K)]
  0x000001d1e095e7e0 ConcurrentGCThread "G1 Refine#0"               [id=10412, stack(0x0000005327600000,0x0000005327700000) (1024K)]
  0x000001d1fc8280e0 ConcurrentGCThread "G1 Service"                [id=3168, stack(0x0000005327700000,0x0000005327800000) (1024K)]
Total: 10

Threads with active compile tasks:
C2 CompilerThread0  2453914 1981       4       javax.swing.UIDefaults$TextAndMnemonicHashMap::get (358 bytes)
Total: 1

VM state: not at safepoint (normal execution)

VM Mutex/Monitor currently owned by a thread: None

Heap address: 0x0000000080a00000, size: 2038 MB, Compressed Oops mode: 32-bit

CDS archive(s) mapped at: [0x000001d180000000-0x000001d180c90000-0x000001d180c90000), size 13172736, SharedBaseAddress: 0x000001d180000000, ArchiveRelocationMode: 1.
Compressed class space mapped at: 0x000001d181000000-0x000001d1c1000000, reserved size: 1073741824
Narrow klass base: 0x000001d180000000, Narrow klass shift: 0, Narrow klass range: 0x100000000

GC Precious Log:
 CardTable entry size: 512
 Card Set container configuration: InlinePtr #cards 5 size 8 Array Of Cards #cards 12 size 40 Howl #buckets 4 coarsen threshold 1843 Howl Bitmap #cards 512 size 80 coarsen threshold 460 Card regions per heap region 1 cards per card region 2048
 CPUs: 4 total, 4 available
 Memory: 8144M
 Large Page Support: Disabled
 NUMA Support: Disabled
 Compressed Oops: Enabled (32-bit)
 Heap Region Size: 1M
 Heap Min Capacity: 8M
 Heap Initial Capacity: 128M
 Heap Max Capacity: 2038M
 Pre-touch: Disabled
 Parallel Workers: 4
 Concurrent Workers: 1
 Concurrent Refinement Workers: 4
 Periodic GC: Disabled

Heap:
 garbage-first heap   total 131072K, used 7360K [0x0000000080a00000, 0x0000000100000000)
  region size 1024K, 5 young (5120K), 1 survivors (1024K)
 Metaspace       used 11082K, committed 11328K, reserved 1114112K
  class space    used 1219K, committed 1344K, reserved 1048576K

Heap Regions: E=young(eden), S=young(survivor), O=old, HS=humongous(starts), HC=humongous(continues), CS=collection set, F=free, TAMS=top-at-mark-start, PB=parsable bottom
|   0|0x0000000080a00000, 0x0000000080b00000, 0x0000000080b00000|100%| O|  |TAMS 0x0000000080a00000| PB 0x0000000080a00000| Untracked 
|   1|0x0000000080b00000, 0x0000000080c00000, 0x0000000080c00000|100%| O|  |TAMS 0x0000000080b00000| PB 0x0000000080b00000| Untracked 
|   2|0x0000000080c00000, 0x0000000080d00000, 0x0000000080d00000|100%| O|  |TAMS 0x0000000080c00000| PB 0x0000000080c00000| Untracked 
|   3|0x0000000080d00000, 0x0000000080dde668, 0x0000000080e00000| 86%| O|  |TAMS 0x0000000080d00000| PB 0x0000000080d00000| Untracked 
|   4|0x0000000080e00000, 0x0000000080e00000, 0x0000000080f00000|  0%| F|  |TAMS 0x0000000080e00000| PB 0x0000000080e00000| Untracked 
|   5|0x0000000080f00000, 0x0000000080f00000, 0x0000000081000000|  0%| F|  |TAMS 0x0000000080f00000| PB 0x0000000080f00000| Untracked 
|   6|0x0000000081000000, 0x0000000081000000, 0x0000000081100000|  0%| F|  |TAMS 0x0000000081000000| PB 0x0000000081000000| Untracked 
|   7|0x0000000081100000, 0x0000000081100000, 0x0000000081200000|  0%| F|  |TAMS 0x0000000081100000| PB 0x0000000081100000| Untracked 
|   8|0x0000000081200000, 0x0000000081200000, 0x0000000081300000|  0%| F|  |TAMS 0x0000000081200000| PB 0x0000000081200000| Untracked 
|   9|0x0000000081300000, 0x0000000081300000, 0x0000000081400000|  0%| F|  |TAMS 0x0000000081300000| PB 0x0000000081300000| Untracked 
|  10|0x0000000081400000, 0x0000000081400000, 0x0000000081500000|  0%| F|  |TAMS 0x0000000081400000| PB 0x0000000081400000| Untracked 
|  11|0x0000000081500000, 0x0000000081500000, 0x0000000081600000|  0%| F|  |TAMS 0x0000000081500000| PB 0x0000000081500000| Untracked 
|  12|0x0000000081600000, 0x0000000081600000, 0x0000000081700000|  0%| F|  |TAMS 0x0000000081600000| PB 0x0000000081600000| Untracked 
|  13|0x0000000081700000, 0x0000000081700000, 0x0000000081800000|  0%| F|  |TAMS 0x0000000081700000| PB 0x0000000081700000| Untracked 
|  14|0x0000000081800000, 0x0000000081800000, 0x0000000081900000|  0%| F|  |TAMS 0x0000000081800000| PB 0x0000000081800000| Untracked 
|  15|0x0000000081900000, 0x0000000081900000, 0x0000000081a00000|  0%| F|  |TAMS 0x0000000081900000| PB 0x0000000081900000| Untracked 
|  16|0x0000000081a00000, 0x0000000081a00000, 0x0000000081b00000|  0%| F|  |TAMS 0x0000000081a00000| PB 0x0000000081a00000| Untracked 
|  17|0x0000000081b00000, 0x0000000081b00000, 0x0000000081c00000|  0%| F|  |TAMS 0x0000000081b00000| PB 0x0000000081b00000| Untracked 
|  18|0x0000000081c00000, 0x0000000081c00000, 0x0000000081d00000|  0%| F|  |TAMS 0x0000000081c00000| PB 0x0000000081c00000| Untracked 
|  19|0x0000000081d00000, 0x0000000081d00000, 0x0000000081e00000|  0%| F|  |TAMS 0x0000000081d00000| PB 0x0000000081d00000| Untracked 
|  20|0x0000000081e00000, 0x0000000081e00000, 0x0000000081f00000|  0%| F|  |TAMS 0x0000000081e00000| PB 0x0000000081e00000| Untracked 
|  21|0x0000000081f00000, 0x0000000081f00000, 0x0000000082000000|  0%| F|  |TAMS 0x0000000081f00000| PB 0x0000000081f00000| Untracked 
|  22|0x0000000082000000, 0x0000000082000000, 0x0000000082100000|  0%| F|  |TAMS 0x0000000082000000| PB 0x0000000082000000| Untracked 
|  23|0x0000000082100000, 0x0000000082100000, 0x0000000082200000|  0%| F|  |TAMS 0x0000000082100000| PB 0x0000000082100000| Untracked 
|  24|0x0000000082200000, 0x0000000082200000, 0x0000000082300000|  0%| F|  |TAMS 0x0000000082200000| PB 0x0000000082200000| Untracked 
|  25|0x0000000082300000, 0x0000000082300000, 0x0000000082400000|  0%| F|  |TAMS 0x0000000082300000| PB 0x0000000082300000| Untracked 
|  26|0x0000000082400000, 0x0000000082400000, 0x0000000082500000|  0%| F|  |TAMS 0x0000000082400000| PB 0x0000000082400000| Untracked 
|  27|0x0000000082500000, 0x0000000082500000, 0x0000000082600000|  0%| F|  |TAMS 0x0000000082500000| PB 0x0000000082500000| Untracked 
|  28|0x0000000082600000, 0x0000000082600000, 0x0000000082700000|  0%| F|  |TAMS 0x0000000082600000| PB 0x0000000082600000| Untracked 
|  29|0x0000000082700000, 0x0000000082700000, 0x0000000082800000|  0%| F|  |TAMS 0x0000000082700000| PB 0x0000000082700000| Untracked 
|  30|0x0000000082800000, 0x0000000082800000, 0x0000000082900000|  0%| F|  |TAMS 0x0000000082800000| PB 0x0000000082800000| Untracked 
|  31|0x0000000082900000, 0x0000000082900000, 0x0000000082a00000|  0%| F|  |TAMS 0x0000000082900000| PB 0x0000000082900000| Untracked 
|  32|0x0000000082a00000, 0x0000000082a00000, 0x0000000082b00000|  0%| F|  |TAMS 0x0000000082a00000| PB 0x0000000082a00000| Untracked 
|  33|0x0000000082b00000, 0x0000000082b00000, 0x0000000082c00000|  0%| F|  |TAMS 0x0000000082b00000| PB 0x0000000082b00000| Untracked 
|  34|0x0000000082c00000, 0x0000000082c00000, 0x0000000082d00000|  0%| F|  |TAMS 0x0000000082c00000| PB 0x0000000082c00000| Untracked 
|  35|0x0000000082d00000, 0x0000000082d00000, 0x0000000082e00000|  0%| F|  |TAMS 0x0000000082d00000| PB 0x0000000082d00000| Untracked 
|  36|0x0000000082e00000, 0x0000000082e00000, 0x0000000082f00000|  0%| F|  |TAMS 0x0000000082e00000| PB 0x0000000082e00000| Untracked 
|  37|0x0000000082f00000, 0x0000000082f00000, 0x0000000083000000|  0%| F|  |TAMS 0x0000000082f00000| PB 0x0000000082f00000| Untracked 
|  38|0x0000000083000000, 0x0000000083000000, 0x0000000083100000|  0%| F|  |TAMS 0x0000000083000000| PB 0x0000000083000000| Untracked 
|  39|0x0000000083100000, 0x0000000083100000, 0x0000000083200000|  0%| F|  |TAMS 0x0000000083100000| PB 0x0000000083100000| Untracked 
|  40|0x0000000083200000, 0x0000000083200000, 0x0000000083300000|  0%| F|  |TAMS 0x0000000083200000| PB 0x0000000083200000| Untracked 
|  41|0x0000000083300000, 0x0000000083300000, 0x0000000083400000|  0%| F|  |TAMS 0x0000000083300000| PB 0x0000000083300000| Untracked 
|  42|0x0000000083400000, 0x0000000083400000, 0x0000000083500000|  0%| F|  |TAMS 0x0000000083400000| PB 0x0000000083400000| Untracked 
|  43|0x0000000083500000, 0x0000000083500000, 0x0000000083600000|  0%| F|  |TAMS 0x0000000083500000| PB 0x0000000083500000| Untracked 
|  44|0x0000000083600000, 0x0000000083600000, 0x0000000083700000|  0%| F|  |TAMS 0x0000000083600000| PB 0x0000000083600000| Untracked 
|  45|0x0000000083700000, 0x0000000083700000, 0x0000000083800000|  0%| F|  |TAMS 0x0000000083700000| PB 0x0000000083700000| Untracked 
|  46|0x0000000083800000, 0x0000000083800000, 0x0000000083900000|  0%| F|  |TAMS 0x0000000083800000| PB 0x0000000083800000| Untracked 
|  47|0x0000000083900000, 0x0000000083900000, 0x0000000083a00000|  0%| F|  |TAMS 0x0000000083900000| PB 0x0000000083900000| Untracked 
|  48|0x0000000083a00000, 0x0000000083a00000, 0x0000000083b00000|  0%| F|  |TAMS 0x0000000083a00000| PB 0x0000000083a00000| Untracked 
|  49|0x0000000083b00000, 0x0000000083b00000, 0x0000000083c00000|  0%| F|  |TAMS 0x0000000083b00000| PB 0x0000000083b00000| Untracked 
|  50|0x0000000083c00000, 0x0000000083c00000, 0x0000000083d00000|  0%| F|  |TAMS 0x0000000083c00000| PB 0x0000000083c00000| Untracked 
|  51|0x0000000083d00000, 0x0000000083d00000, 0x0000000083e00000|  0%| F|  |TAMS 0x0000000083d00000| PB 0x0000000083d00000| Untracked 
|  52|0x0000000083e00000, 0x0000000083e00000, 0x0000000083f00000|  0%| F|  |TAMS 0x0000000083e00000| PB 0x0000000083e00000| Untracked 
|  53|0x0000000083f00000, 0x0000000083f00000, 0x0000000084000000|  0%| F|  |TAMS 0x0000000083f00000| PB 0x0000000083f00000| Untracked 
|  54|0x0000000084000000, 0x0000000084000000, 0x0000000084100000|  0%| F|  |TAMS 0x0000000084000000| PB 0x0000000084000000| Untracked 
|  55|0x0000000084100000, 0x0000000084100000, 0x0000000084200000|  0%| F|  |TAMS 0x0000000084100000| PB 0x0000000084100000| Untracked 
|  56|0x0000000084200000, 0x0000000084200000, 0x0000000084300000|  0%| F|  |TAMS 0x0000000084200000| PB 0x0000000084200000| Untracked 
|  57|0x0000000084300000, 0x0000000084300000, 0x0000000084400000|  0%| F|  |TAMS 0x0000000084300000| PB 0x0000000084300000| Untracked 
|  58|0x0000000084400000, 0x0000000084400000, 0x0000000084500000|  0%| F|  |TAMS 0x0000000084400000| PB 0x0000000084400000| Untracked 
|  59|0x0000000084500000, 0x0000000084500000, 0x0000000084600000|  0%| F|  |TAMS 0x0000000084500000| PB 0x0000000084500000| Untracked 
|  60|0x0000000084600000, 0x0000000084600000, 0x0000000084700000|  0%| F|  |TAMS 0x0000000084600000| PB 0x0000000084600000| Untracked 
|  61|0x0000000084700000, 0x0000000084700000, 0x0000000084800000|  0%| F|  |TAMS 0x0000000084700000| PB 0x0000000084700000| Untracked 
|  62|0x0000000084800000, 0x0000000084800000, 0x0000000084900000|  0%| F|  |TAMS 0x0000000084800000| PB 0x0000000084800000| Untracked 
|  63|0x0000000084900000, 0x0000000084900000, 0x0000000084a00000|  0%| F|  |TAMS 0x0000000084900000| PB 0x0000000084900000| Untracked 
|  64|0x0000000084a00000, 0x0000000084a00000, 0x0000000084b00000|  0%| F|  |TAMS 0x0000000084a00000| PB 0x0000000084a00000| Untracked 
|  65|0x0000000084b00000, 0x0000000084b00000, 0x0000000084c00000|  0%| F|  |TAMS 0x0000000084b00000| PB 0x0000000084b00000| Untracked 
|  66|0x0000000084c00000, 0x0000000084c00000, 0x0000000084d00000|  0%| F|  |TAMS 0x0000000084c00000| PB 0x0000000084c00000| Untracked 
|  67|0x0000000084d00000, 0x0000000084d00000, 0x0000000084e00000|  0%| F|  |TAMS 0x0000000084d00000| PB 0x0000000084d00000| Untracked 
|  68|0x0000000084e00000, 0x0000000084e00000, 0x0000000084f00000|  0%| F|  |TAMS 0x0000000084e00000| PB 0x0000000084e00000| Untracked 
|  69|0x0000000084f00000, 0x0000000084f00000, 0x0000000085000000|  0%| F|  |TAMS 0x0000000084f00000| PB 0x0000000084f00000| Untracked 
|  70|0x0000000085000000, 0x0000000085000000, 0x0000000085100000|  0%| F|  |TAMS 0x0000000085000000| PB 0x0000000085000000| Untracked 
|  71|0x0000000085100000, 0x0000000085100000, 0x0000000085200000|  0%| F|  |TAMS 0x0000000085100000| PB 0x0000000085100000| Untracked 
|  72|0x0000000085200000, 0x0000000085200000, 0x0000000085300000|  0%| F|  |TAMS 0x0000000085200000| PB 0x0000000085200000| Untracked 
|  73|0x0000000085300000, 0x0000000085300000, 0x0000000085400000|  0%| F|  |TAMS 0x0000000085300000| PB 0x0000000085300000| Untracked 
|  74|0x0000000085400000, 0x0000000085400000, 0x0000000085500000|  0%| F|  |TAMS 0x0000000085400000| PB 0x0000000085400000| Untracked 
|  75|0x0000000085500000, 0x0000000085500000, 0x0000000085600000|  0%| F|  |TAMS 0x0000000085500000| PB 0x0000000085500000| Untracked 
|  76|0x0000000085600000, 0x0000000085600000, 0x0000000085700000|  0%| F|  |TAMS 0x0000000085600000| PB 0x0000000085600000| Untracked 
|  77|0x0000000085700000, 0x0000000085700000, 0x0000000085800000|  0%| F|  |TAMS 0x0000000085700000| PB 0x0000000085700000| Untracked 
|  78|0x0000000085800000, 0x0000000085800000, 0x0000000085900000|  0%| F|  |TAMS 0x0000000085800000| PB 0x0000000085800000| Untracked 
|  79|0x0000000085900000, 0x0000000085900000, 0x0000000085a00000|  0%| F|  |TAMS 0x0000000085900000| PB 0x0000000085900000| Untracked 
|  80|0x0000000085a00000, 0x0000000085a00000, 0x0000000085b00000|  0%| F|  |TAMS 0x0000000085a00000| PB 0x0000000085a00000| Untracked 
|  81|0x0000000085b00000, 0x0000000085b00000, 0x0000000085c00000|  0%| F|  |TAMS 0x0000000085b00000| PB 0x0000000085b00000| Untracked 
|  82|0x0000000085c00000, 0x0000000085c00000, 0x0000000085d00000|  0%| F|  |TAMS 0x0000000085c00000| PB 0x0000000085c00000| Untracked 
|  83|0x0000000085d00000, 0x0000000085d00000, 0x0000000085e00000|  0%| F|  |TAMS 0x0000000085d00000| PB 0x0000000085d00000| Untracked 
|  84|0x0000000085e00000, 0x0000000085e00000, 0x0000000085f00000|  0%| F|  |TAMS 0x0000000085e00000| PB 0x0000000085e00000| Untracked 
|  85|0x0000000085f00000, 0x0000000085f00000, 0x0000000086000000|  0%| F|  |TAMS 0x0000000085f00000| PB 0x0000000085f00000| Untracked 
|  86|0x0000000086000000, 0x0000000086000000, 0x0000000086100000|  0%| F|  |TAMS 0x0000000086000000| PB 0x0000000086000000| Untracked 
|  87|0x0000000086100000, 0x0000000086100000, 0x0000000086200000|  0%| F|  |TAMS 0x0000000086100000| PB 0x0000000086100000| Untracked 
|  88|0x0000000086200000, 0x0000000086200000, 0x0000000086300000|  0%| F|  |TAMS 0x0000000086200000| PB 0x0000000086200000| Untracked 
|  89|0x0000000086300000, 0x0000000086300000, 0x0000000086400000|  0%| F|  |TAMS 0x0000000086300000| PB 0x0000000086300000| Untracked 
|  90|0x0000000086400000, 0x0000000086400000, 0x0000000086500000|  0%| F|  |TAMS 0x0000000086400000| PB 0x0000000086400000| Untracked 
|  91|0x0000000086500000, 0x0000000086500000, 0x0000000086600000|  0%| F|  |TAMS 0x0000000086500000| PB 0x0000000086500000| Untracked 
|  92|0x0000000086600000, 0x0000000086600000, 0x0000000086700000|  0%| F|  |TAMS 0x0000000086600000| PB 0x0000000086600000| Untracked 
|  93|0x0000000086700000, 0x0000000086700000, 0x0000000086800000|  0%| F|  |TAMS 0x0000000086700000| PB 0x0000000086700000| Untracked 
|  94|0x0000000086800000, 0x0000000086800000, 0x0000000086900000|  0%| F|  |TAMS 0x0000000086800000| PB 0x0000000086800000| Untracked 
|  95|0x0000000086900000, 0x0000000086900000, 0x0000000086a00000|  0%| F|  |TAMS 0x0000000086900000| PB 0x0000000086900000| Untracked 
|  96|0x0000000086a00000, 0x0000000086a00000, 0x0000000086b00000|  0%| F|  |TAMS 0x0000000086a00000| PB 0x0000000086a00000| Untracked 
|  97|0x0000000086b00000, 0x0000000086b00000, 0x0000000086c00000|  0%| F|  |TAMS 0x0000000086b00000| PB 0x0000000086b00000| Untracked 
|  98|0x0000000086c00000, 0x0000000086c00000, 0x0000000086d00000|  0%| F|  |TAMS 0x0000000086c00000| PB 0x0000000086c00000| Untracked 
|  99|0x0000000086d00000, 0x0000000086d00000, 0x0000000086e00000|  0%| F|  |TAMS 0x0000000086d00000| PB 0x0000000086d00000| Untracked 
| 100|0x0000000086e00000, 0x0000000086e00000, 0x0000000086f00000|  0%| F|  |TAMS 0x0000000086e00000| PB 0x0000000086e00000| Untracked 
| 101|0x0000000086f00000, 0x0000000086f00000, 0x0000000087000000|  0%| F|  |TAMS 0x0000000086f00000| PB 0x0000000086f00000| Untracked 
| 102|0x0000000087000000, 0x0000000087000000, 0x0000000087100000|  0%| F|  |TAMS 0x0000000087000000| PB 0x0000000087000000| Untracked 
| 103|0x0000000087100000, 0x0000000087100000, 0x0000000087200000|  0%| F|  |TAMS 0x0000000087100000| PB 0x0000000087100000| Untracked 
| 104|0x0000000087200000, 0x0000000087200000, 0x0000000087300000|  0%| F|  |TAMS 0x0000000087200000| PB 0x0000000087200000| Untracked 
| 105|0x0000000087300000, 0x0000000087300000, 0x0000000087400000|  0%| F|  |TAMS 0x0000000087300000| PB 0x0000000087300000| Untracked 
| 106|0x0000000087400000, 0x0000000087400000, 0x0000000087500000|  0%| F|  |TAMS 0x0000000087400000| PB 0x0000000087400000| Untracked 
| 107|0x0000000087500000, 0x0000000087500000, 0x0000000087600000|  0%| F|  |TAMS 0x0000000087500000| PB 0x0000000087500000| Untracked 
| 108|0x0000000087600000, 0x0000000087600000, 0x0000000087700000|  0%| F|  |TAMS 0x0000000087600000| PB 0x0000000087600000| Untracked 
| 109|0x0000000087700000, 0x0000000087700000, 0x0000000087800000|  0%| F|  |TAMS 0x0000000087700000| PB 0x0000000087700000| Untracked 
| 110|0x0000000087800000, 0x0000000087800000, 0x0000000087900000|  0%| F|  |TAMS 0x0000000087800000| PB 0x0000000087800000| Untracked 
| 111|0x0000000087900000, 0x0000000087951a20, 0x0000000087a00000| 31%| S|CS|TAMS 0x0000000087900000| PB 0x0000000087900000| Complete 
| 112|0x0000000087a00000, 0x0000000087a00000, 0x0000000087b00000|  0%| F|  |TAMS 0x0000000087a00000| PB 0x0000000087a00000| Untracked 
| 113|0x0000000087b00000, 0x0000000087b00000, 0x0000000087c00000|  0%| F|  |TAMS 0x0000000087b00000| PB 0x0000000087b00000| Untracked 
| 114|0x0000000087c00000, 0x0000000087c00000, 0x0000000087d00000|  0%| F|  |TAMS 0x0000000087c00000| PB 0x0000000087c00000| Untracked 
| 115|0x0000000087d00000, 0x0000000087d00000, 0x0000000087e00000|  0%| F|  |TAMS 0x0000000087d00000| PB 0x0000000087d00000| Untracked 
| 116|0x0000000087e00000, 0x0000000087e00000, 0x0000000087f00000|  0%| F|  |TAMS 0x0000000087e00000| PB 0x0000000087e00000| Untracked 
| 117|0x0000000087f00000, 0x0000000087f00000, 0x0000000088000000|  0%| F|  |TAMS 0x0000000087f00000| PB 0x0000000087f00000| Untracked 
| 118|0x0000000088000000, 0x0000000088000000, 0x0000000088100000|  0%| F|  |TAMS 0x0000000088000000| PB 0x0000000088000000| Untracked 
| 119|0x0000000088100000, 0x0000000088100000, 0x0000000088200000|  0%| F|  |TAMS 0x0000000088100000| PB 0x0000000088100000| Untracked 
| 120|0x0000000088200000, 0x0000000088200000, 0x0000000088300000|  0%| F|  |TAMS 0x0000000088200000| PB 0x0000000088200000| Untracked 
| 121|0x0000000088300000, 0x0000000088300000, 0x0000000088400000|  0%| F|  |TAMS 0x0000000088300000| PB 0x0000000088300000| Untracked 
| 122|0x0000000088400000, 0x0000000088400000, 0x0000000088500000|  0%| F|  |TAMS 0x0000000088400000| PB 0x0000000088400000| Untracked 
| 123|0x0000000088500000, 0x0000000088500000, 0x0000000088600000|  0%| F|  |TAMS 0x0000000088500000| PB 0x0000000088500000| Untracked 
| 124|0x0000000088600000, 0x0000000088700000, 0x0000000088700000|100%| E|  |TAMS 0x0000000088600000| PB 0x0000000088600000| Complete 
| 125|0x0000000088700000, 0x0000000088800000, 0x0000000088800000|100%| E|CS|TAMS 0x0000000088700000| PB 0x0000000088700000| Complete 
| 126|0x0000000088800000, 0x0000000088900000, 0x0000000088900000|100%| E|CS|TAMS 0x0000000088800000| PB 0x0000000088800000| Complete 
| 127|0x0000000088900000, 0x0000000088a00000, 0x0000000088a00000|100%| E|CS|TAMS 0x0000000088900000| PB 0x0000000088900000| Complete 

Card table byte_map: [0x000001d1f8100000,0x000001d1f8500000] _byte_map_base: 0x000001d1f7cfb000

Marking Bits: (CMBitMap*) 0x000001d1e08dcf80
 Bits: [0x000001d1f8500000, 0x000001d1fa4d8000)

Polling page: 0x000001d1de790000

Metaspace:

Usage:
  Non-class:      9.63 MB used.
      Class:      1.19 MB used.
       Both:     10.82 MB used.

Virtual space:
  Non-class space:       64.00 MB reserved,       9.75 MB ( 15%) committed,  1 nodes.
      Class space:        1.00 GB reserved,       1.31 MB ( <1%) committed,  1 nodes.
             Both:        1.06 GB reserved,      11.06 MB (  1%) committed. 

Chunk freelists:
   Non-Class:  6.24 MB
       Class:  14.73 MB
        Both:  20.97 MB

MaxMetaspaceSize: unlimited
CompressedClassSpaceSize: 1.00 GB
Initial GC threshold: 21.00 MB
Current GC threshold: 21.00 MB
CDS: on
 - commit_granule_bytes: 65536.
 - commit_granule_words: 8192.
 - virtual_space_node_default_size: 8388608.
 - enlarge_chunks_in_place: 1.
 - use_allocation_guard: 0.


Internal statistics:

num_allocs_failed_limit: 0.
num_arena_births: 158.
num_arena_deaths: 0.
num_vsnodes_births: 2.
num_vsnodes_deaths: 0.
num_space_committed: 177.
num_space_uncommitted: 0.
num_chunks_returned_to_freelist: 0.
num_chunks_taken_from_freelist: 203.
num_chunk_merges: 0.
num_chunk_splits: 119.
num_chunks_enlarged: 53.
num_inconsistent_stats: 0.

CodeHeap 'non-profiled nmethods': size=120000Kb used=969Kb max_used=969Kb free=119030Kb
 bounds [0x000001d1f07d0000, 0x000001d1f0a40000, 0x000001d1f7d00000]
CodeHeap 'profiled nmethods': size=120000Kb used=3528Kb max_used=3528Kb free=116471Kb
 bounds [0x000001d1e8d00000, 0x000001d1e9080000, 0x000001d1f0230000]
CodeHeap 'non-nmethods': size=5760Kb used=1629Kb max_used=1684Kb free=4130Kb
 bounds [0x000001d1f0230000, 0x000001d1f04a0000, 0x000001d1f07d0000]
 total_blobs=2664 nmethods=1980 adapters=589
 compilation: enabled
              stopped_count=0, restarted_count=0
 full_count=0

Compilation events (20 events):
Event: 1886.610 Thread 0x000001d1fc9b29e0 nmethod 1971 0x000001d1f08be090 code [0x000001d1f08be260, 0x000001d1f08be868]
Event: 1954.043 Thread 0x000001d1fc9b29e0 1972       4       java.util.concurrent.locks.AbstractQueuedSynchronizer$Node::clearStatus (12 bytes)
Event: 1954.044 Thread 0x000001d1fc9b29e0 nmethod 1972 0x000001d1f08beb90 code [0x000001d1f08bed20, 0x000001d1f08bedb0]
Event: 1957.065 Thread 0x000001d1fc9b29e0 1973   !   4       java.util.concurrent.locks.AbstractQueuedSynchronizer::tryInitializeHead (66 bytes)
Event: 1957.065 Thread 0x000001d1fc9b29e0 nmethod 1973 0x000001d1f08bee90 code [0x000001d1f08bf020, 0x000001d1f08bf0d0]
Event: 1959.081 Thread 0x000001d1fc9b29e0 1974   !   4       java.util.concurrent.locks.AbstractQueuedSynchronizer$ConditionObject::newConditionNode (78 bytes)
Event: 1959.083 Thread 0x000001d1fc9b29e0 nmethod 1974 0x000001d1f08bf190 code [0x000001d1f08bf360, 0x000001d1f08bf5e8]
Event: 1975.250 Thread 0x000001d1fc9b29e0 1975       4       sun.swing.SwingUtilities2::getFontCharsWidth (45 bytes)
Event: 1975.254 Thread 0x000001d1fc9b29e0 nmethod 1975 0x000001d1f08bf810 code [0x000001d1f08bfa20, 0x000001d1f08bfea8]
Event: 1985.332 Thread 0x000001d1fc9b29e0 1976       4       java.util.concurrent.locks.LockSupport::setBlocker (12 bytes)
Event: 1985.333 Thread 0x000001d1fc9b29e0 nmethod 1976 0x000001d1f08c0290 code [0x000001d1f08c0420, 0x000001d1f08c0570]
Event: 2023.672 Thread 0x000001d1fc9b29e0 1977       4       java.util.concurrent.locks.AbstractQueuedSynchronizer$ConditionObject::enableWait (84 bytes)
Event: 2023.680 Thread 0x000001d1fc9b29e0 nmethod 1977 0x000001d1f08c0610 code [0x000001d1f08c0800, 0x000001d1f08c0f78]
Event: 2182.127 Thread 0x000001d1fc9b29e0 1978       4       java.awt.geom.Rectangle2D$Float::<init> (14 bytes)
Event: 2182.128 Thread 0x000001d1fc9b29e0 nmethod 1978 0x000001d1f08c1310 code [0x000001d1f08c14a0, 0x000001d1f08c1540]
Event: 2238.705 Thread 0x000001d1fc9b29e0 1979       4       javax.swing.text.AbstractDocument::fireUndoableEditUpdate (83 bytes)
Event: 2238.714 Thread 0x000001d1fc9b29e0 nmethod 1979 0x000001d1f08c1610 code [0x000001d1f08c17c0, 0x000001d1f08c1aa0]
Event: 2432.591 Thread 0x000001d1fc9b29e0 1980   !   4       javax.swing.UIManager::maybeInitialize (36 bytes)
Event: 2432.594 Thread 0x000001d1fc9b29e0 nmethod 1980 0x000001d1f08c1e90 code [0x000001d1f08c2060, 0x000001d1f08c2410]
Event: 2453.782 Thread 0x000001d1fc9b29e0 1981       4       javax.swing.UIDefaults$TextAndMnemonicHashMap::get (358 bytes)

GC Heap History (4 events):
Event: 314.034 GC heap before
{Heap before GC invocations=0 (full 0):
 garbage-first heap   total 131072K, used 13312K [0x0000000080a00000, 0x0000000100000000)
  region size 1024K, 13 young (13312K), 0 survivors (0K)
 Metaspace       used 10978K, committed 11264K, reserved 1114112K
  class space    used 1219K, committed 1344K, reserved 1048576K
}
Event: 314.044 GC heap after
{Heap after GC invocations=1 (full 0):
 garbage-first heap   total 131072K, used 3696K [0x0000000080a00000, 0x0000000100000000)
  region size 1024K, 2 young (2048K), 2 survivors (2048K)
 Metaspace       used 10978K, committed 11264K, reserved 1114112K
  class space    used 1219K, committed 1344K, reserved 1048576K
}
Event: 1990.379 GC heap before
{Heap before GC invocations=1 (full 0):
 garbage-first heap   total 131072K, used 18032K [0x0000000080a00000, 0x0000000100000000)
  region size 1024K, 16 young (16384K), 2 survivors (2048K)
 Metaspace       used 11082K, committed 11328K, reserved 1114112K
  class space    used 1219K, committed 1344K, reserved 1048576K
}
Event: 1990.387 GC heap after
{Heap after GC invocations=2 (full 0):
 garbage-first heap   total 131072K, used 4288K [0x0000000080a00000, 0x0000000100000000)
  region size 1024K, 1 young (1024K), 1 survivors (1024K)
 Metaspace       used 11082K, committed 11328K, reserved 1114112K
  class space    used 1219K, committed 1344K, reserved 1048576K
}

Dll operation events (9 events):
Event: 0.006 Loaded shared library C:\Program Files\Java\jdk-21\bin\java.dll
Event: 0.038 Loaded shared library C:\Program Files\Java\jdk-21\bin\jsvml.dll
Event: 0.068 Loaded shared library C:\Program Files\Java\jdk-21\bin\net.dll
Event: 0.069 Loaded shared library C:\Program Files\Java\jdk-21\bin\nio.dll
Event: 0.091 Loaded shared library C:\Program Files\Java\jdk-21\bin\zip.dll
Event: 0.105 Loaded shared library C:\Program Files\Java\jdk-21\bin\jimage.dll
Event: 0.118 Loaded shared library C:\Program Files\Java\jdk-21\bin\awt.dll
Event: 0.237 Loaded shared library C:\Program Files\Java\jdk-21\bin\freetype.dll
Event: 0.238 Loaded shared library C:\Program Files\Java\jdk-21\bin\fontmanager.dll

Deoptimization events (20 events):
Event: 190.076 Thread 0x000001d1fe7e5ce0 DEOPT PACKING pc=0x000001d1f0844644 sp=0x00000053292ff300
Event: 190.076 Thread 0x000001d1fe7e5ce0 DEOPT UNPACKING pc=0x000001d1f02846a2 sp=0x00000053292ff290 mode 2
Event: 314.044 Thread 0x000001d1fe0a2da0 Uncommon trap: trap_request=0xffffff45 fr.pc=0x000001d1f082a220 relative=0x0000000000000100
Event: 314.044 Thread 0x000001d1fe0a2da0 Uncommon trap: reason=unstable_if action=reinterpret pc=0x000001d1f082a220 method=java.lang.ref.SoftReference.get()Ljava/lang/Object; @ 17 c2
Event: 314.044 Thread 0x000001d1fe0a2da0 DEOPT PACKING pc=0x000001d1f082a220 sp=0x00000053287feae0
Event: 314.044 Thread 0x000001d1fe0a2da0 DEOPT UNPACKING pc=0x000001d1f02846a2 sp=0x00000053287fea90 mode 2
Event: 314.044 Thread 0x000001d1fe0a2da0 Uncommon trap: trap_request=0xffffff45 fr.pc=0x000001d1f0847a0c relative=0x00000000000009ec
Event: 314.044 Thread 0x000001d1fe0a2da0 Uncommon trap: reason=unstable_if action=reinterpret pc=0x000001d1f0847a0c method=java.lang.ref.SoftReference.get()Ljava/lang/Object; @ 17 c2
Event: 314.044 Thread 0x000001d1fe0a2da0 DEOPT PACKING pc=0x000001d1f0847a0c sp=0x00000053287fe590
Event: 314.044 Thread 0x000001d1fe0a2da0 DEOPT UNPACKING pc=0x000001d1f02846a2 sp=0x00000053287fe4c0 mode 2
Event: 553.543 Thread 0x000001d1fe7e5ce0 Uncommon trap: trap_request=0xffffffdc fr.pc=0x000001d1f086b808 relative=0x00000000000001c8
Event: 553.543 Thread 0x000001d1fe7e5ce0 Uncommon trap: reason=class_check action=make_not_entrant pc=0x000001d1f086b808 method=java.util.ArrayList.toArray([Ljava/lang/Object;)[Ljava/lang/Object; @ 21 c2
Event: 553.543 Thread 0x000001d1fe7e5ce0 DEOPT PACKING pc=0x000001d1f086b808 sp=0x00000053292ff360
Event: 553.543 Thread 0x000001d1fe7e5ce0 DEOPT UNPACKING pc=0x000001d1f02846a2 sp=0x00000053292ff320 mode 2
Event: 849.350 Thread 0x000001d1fe0a2da0 DEOPT PACKING pc=0x000001d1e8f79096 sp=0x00000053287feed0
Event: 849.350 Thread 0x000001d1fe0a2da0 DEOPT UNPACKING pc=0x000001d1f0284e42 sp=0x00000053287fe360 mode 0
Event: 1292.990 Thread 0x000001d1fe0a2da0 Uncommon trap: trap_request=0xffffff6e fr.pc=0x000001d1f089dcdc relative=0x000000000000031c
Event: 1292.990 Thread 0x000001d1fe0a2da0 Uncommon trap: reason=loop_limit_check action=maybe_recompile pc=0x000001d1f089dcdc method=java.awt.EventDispatchThread.filterAndCheckEvent(Ljava/awt/AWTEvent;)Z @ 22 c2
Event: 1292.990 Thread 0x000001d1fe0a2da0 DEOPT PACKING pc=0x000001d1f089dcdc sp=0x00000053287ff2b0
Event: 1292.990 Thread 0x000001d1fe0a2da0 DEOPT UNPACKING pc=0x000001d1f02846a2 sp=0x00000053287ff240 mode 2

Classes loaded (20 events):
Event: 2.538 Loading class javax/swing/text/GapContent$UndoPosRef
Event: 2.538 Loading class javax/swing/text/GapContent$UndoPosRef done
Event: 3.248 Loading class java/awt/event/MouseEvent$1
Event: 3.248 Loading class sun/awt/AWTAccessor$MouseEventAccessor
Event: 3.248 Loading class sun/awt/AWTAccessor$MouseEventAccessor done
Event: 3.248 Loading class java/awt/event/MouseEvent$1 done
Event: 3.249 Loading class java/awt/Cursor$CursorDisposer
Event: 3.249 Loading class java/awt/Cursor$CursorDisposer done
Event: 3.250 Loading class java/awt/Container$MouseEventTargetFilter
Event: 3.250 Loading class java/awt/Container$EventTargetFilter
Event: 3.250 Loading class java/awt/Container$EventTargetFilter done
Event: 3.250 Loading class java/awt/Container$MouseEventTargetFilter done
Event: 3.250 Loading class java/awt/LightweightDispatcher$1
Event: 3.250 Loading class java/awt/LightweightDispatcher$1 done
Event: 3.250 Loading class java/awt/event/MouseWheelEvent
Event: 3.250 Loading class java/awt/event/MouseWheelEvent done
Event: 5.015 Loading class java/awt/LightweightDispatcher$2
Event: 5.015 Loading class java/awt/LightweightDispatcher$2 done
Event: 1209.221 Loading class java/security/DomainCombiner
Event: 1209.221 Loading class java/security/DomainCombiner done

Classes unloaded (0 events):
No events

Classes redefined (0 events):
No events

Internal exceptions (20 events):
Event: 0.281 Thread 0x000001d1de7db780 Exception <a 'java/lang/ClassNotFoundException'{0x0000000088444ab0}: ToolBar> (0x0000000088444ab0) 
thrown [s\open\src\hotspot\share\classfile\systemDictionary.cpp, line 312]
Event: 0.281 Thread 0x000001d1de7db780 Exception <a 'java/lang/ClassNotFoundException'{0x0000000088444e20}: ToggleButton> (0x0000000088444e20) 
thrown [s\open\src\hotspot\share\classfile\systemDictionary.cpp, line 312]
Event: 0.281 Thread 0x000001d1de7db780 Exception <a 'java/lang/ClassNotFoundException'{0x0000000088445260}: javax/swing/JToolBarSeparator> (0x0000000088445260) 
thrown [s\open\src\hotspot\share\classfile\systemDictionary.cpp, line 312]
Event: 0.281 Thread 0x000001d1de7db780 Exception <a 'java/lang/ClassNotFoundException'{0x0000000088445570}: ToolBarSeparator> (0x0000000088445570) 
thrown [s\open\src\hotspot\share\classfile\systemDictionary.cpp, line 312]
Event: 0.281 Thread 0x000001d1de7db780 Exception <a 'java/lang/ClassNotFoundException'{0x0000000088445a78}: ToolTip> (0x0000000088445a78) 
thrown [s\open\src\hotspot\share\classfile\systemDictionary.cpp, line 312]
Event: 0.282 Thread 0x000001d1de7db780 Exception <a 'java/lang/ClassNotFoundException'{0x00000000884463b8}: Tree> (0x00000000884463b8) 
thrown [s\open\src\hotspot\share\classfile\systemDictionary.cpp, line 312]
Event: 0.282 Thread 0x000001d1de7db780 Exception <a 'java/lang/ClassNotFoundException'{0x00000000884468b0}: Tree> (0x00000000884468b0) 
thrown [s\open\src\hotspot\share\classfile\systemDictionary.cpp, line 312]
Event: 0.282 Thread 0x000001d1de7db780 Exception <a 'java/lang/ClassNotFoundException'{0x0000000088446c20}: javax/swing/JTreeCell> (0x0000000088446c20) 
thrown [s\open\src\hotspot\share\classfile\systemDictionary.cpp, line 312]
Event: 0.282 Thread 0x000001d1de7db780 Exception <a 'java/lang/ClassNotFoundException'{0x0000000088446f28}: TreeCell> (0x0000000088446f28) 
thrown [s\open\src\hotspot\share\classfile\systemDictionary.cpp, line 312]
Event: 0.282 Thread 0x000001d1de7db780 Exception <a 'java/lang/ClassNotFoundException'{0x00000000884476d0}: RootPane> (0x00000000884476d0) 
thrown [s\open\src\hotspot\share\classfile\systemDictionary.cpp, line 312]
Event: 0.285 Thread 0x000001d1de7db780 Exception <a 'java/lang/ClassNotFoundException'{0x000000008844a460}: com/sun/swing/internal/plaf/metal/resources/spi/metalProvider> (0x000000008844a460) 
thrown [s\open\src\hotspot\share\classfile\systemDictionary.cpp, line 312]
Event: 0.286 Thread 0x000001d1de7db780 Exception <a 'java/lang/ClassNotFoundException'{0x000000008844e0c0}: com/sun/swing/internal/plaf/basic/resources/spi/basicProvider> (0x000000008844e0c0) 
thrown [s\open\src\hotspot\share\classfile\systemDictionary.cpp, line 312]
Event: 0.370 Thread 0x000001d1fe0a2da0 Exception <a 'java/lang/ClassNotFoundException'{0x0000000088314fc8}: com/sun/swing/internal/plaf/synth/resources/spi/synthProvider> (0x0000000088314fc8) 
thrown [s\open\src\hotspot\share\classfile\systemDictionary.cpp, line 312]
Event: 0.386 Thread 0x000001d1fe0a2da0 Exception <a 'java/lang/NoSuchMethodError'{0x0000000088358280}: 'int java.lang.invoke.Invokers$Holder.invokeExact_MT(java.lang.Object, java.lang.Object)'> (0x0000000088358280) 
thrown [s\open\src\hotspot\share\interpreter\linkResolver.cpp, line 773]
Event: 0.394 Thread 0x000001d1fe0a2da0 Exception <a 'java/lang/NoSuchMethodError'{0x00000000883640e0}: 'java.lang.Object java.lang.invoke.DirectMethodHandle$Holder.newInvokeSpecial(java.lang.Object, java.lang.Object, int)'> (0x00000000883640e0) 
thrown [s\open\src\hotspot\share\interpreter\linkResolver.cpp, line 773]
Event: 0.395 Thread 0x000001d1fe0a2da0 Exception <a 'java/lang/NoSuchMethodError'{0x0000000088368f90}: 'int java.lang.invoke.DirectMethodHandle$Holder.invokeSpecial(java.lang.Object, java.lang.Object, java.lang.Object, int)'> (0x0000000088368f90) 
thrown [s\open\src\hotspot\share\interpreter\linkResolver.cpp, line 773]
Event: 0.398 Thread 0x000001d1fe0a2da0 Exception <a 'java/lang/NoSuchMethodError'{0x000000008837b5e8}: 'java.lang.Object java.lang.invoke.DirectMethodHandle$Holder.invokeStatic(java.lang.Object, java.lang.Object, java.lang.Object, java.lang.Object, int)'> (0x000000008837b5e8) 
thrown [s\open\src\hotspot\share\interpreter\linkResolver.cpp, line 773]
Event: 0.399 Thread 0x000001d1fe0a2da0 Exception <a 'java/lang/NoSuchMethodError'{0x0000000088386fd8}: 'int java.lang.invoke.DirectMethodHandle$Holder.invokeSpecial(java.lang.Object, java.lang.Object, java.lang.Object)'> (0x0000000088386fd8) 
thrown [s\open\src\hotspot\share\interpreter\linkResolver.cpp, line 773]
Event: 0.437 Thread 0x000001d1fce03540 Exception <a 'java/lang/NoSuchMethodError'{0x00000000886d67d0}: 'void java.lang.invoke.DirectMethodHandle$Holder.invokeVirtual(java.lang.Object, java.lang.Object)'> (0x00000000886d67d0) 
thrown [s\open\src\hotspot\share\interpreter\linkResolver.cpp, line 773]
Event: 0.451 Thread 0x000001d1fe0a2da0 Exception <a 'java/lang/NoSuchMethodError'{0x00000000883e1930}: 'void java.lang.invoke.DirectMethodHandle$Holder.invokeStaticInit(java.lang.Object)'> (0x00000000883e1930) 
thrown [s\open\src\hotspot\share\interpreter\linkResolver.cpp, line 773]

ZGC Phase Switch (0 events):
No events

VM Operations (20 events):
Event: 1274.234 Executing VM operation: Cleanup
Event: 1274.234 Executing VM operation: Cleanup done
Event: 1283.279 Executing VM operation: Cleanup
Event: 1283.279 Executing VM operation: Cleanup done
Event: 1292.346 Executing VM operation: Cleanup
Event: 1292.346 Executing VM operation: Cleanup done
Event: 1322.815 Executing VM operation: HandshakeAllThreads (HandshakeForDeflation)
Event: 1322.815 Executing VM operation: HandshakeAllThreads (HandshakeForDeflation) done
Event: 1322.815 Executing VM operation: RendezvousGCThreads
Event: 1322.815 Executing VM operation: RendezvousGCThreads done
Event: 1550.540 Executing VM operation: Cleanup
Event: 1550.540 Executing VM operation: Cleanup done
Event: 1551.556 Executing VM operation: Cleanup
Event: 1551.556 Executing VM operation: Cleanup done
Event: 1677.721 Executing VM operation: Cleanup
Event: 1677.721 Executing VM operation: Cleanup done
Event: 1686.800 Executing VM operation: Cleanup
Event: 1686.800 Executing VM operation: Cleanup done
Event: 1990.379 Executing VM operation: G1CollectForAllocation (G1 Evacuation Pause)
Event: 1990.387 Executing VM operation: G1CollectForAllocation (G1 Evacuation Pause) done

Events (20 events):
Event: 0.035 Thread 0x000001d1fc99a200 Thread added: 0x000001d1fc99a200
Event: 0.036 Thread 0x000001d1fc99ad30 Thread added: 0x000001d1fc99ad30
Event: 0.036 Thread 0x000001d1fc99f540 Thread added: 0x000001d1fc99f540
Event: 0.036 Thread 0x000001d1fc99fe30 Thread added: 0x000001d1fc99fe30
Event: 0.036 Thread 0x000001d1fc9ac4c0 Thread added: 0x000001d1fc9ac4c0
Event: 0.036 Thread 0x000001d1fc9acb30 Thread added: 0x000001d1fc9acb30
Event: 0.036 Thread 0x000001d1fc9b29e0 Thread added: 0x000001d1fc9b29e0
Event: 0.036 Thread 0x000001d1fc9d50b0 Thread added: 0x000001d1fc9d50b0
Event: 0.057 Thread 0x000001d1fcbda730 Thread added: 0x000001d1fcbda730
Event: 0.085 Thread 0x000001d1fcc7ffb0 Thread added: 0x000001d1fcc7ffb0
Event: 0.171 Thread 0x000001d1fcd07660 Thread added: 0x000001d1fcd07660
Event: 0.172 Thread 0x000001d1fce00820 Thread added: 0x000001d1fce00820
Event: 0.173 Thread 0x000001d1fce03540 Thread added: 0x000001d1fce03540
Event: 0.297 Thread 0x000001d1fe0a2da0 Thread added: 0x000001d1fe0a2da0
Event: 0.298 Thread 0x000001d1de7db780 Thread exited: 0x000001d1de7db780
Event: 0.298 Thread 0x000001d1de7db780 Thread added: 0x000001d1de7db780
Event: 0.519 Thread 0x000001d1fe7d41d0 Thread added: 0x000001d1fe7d41d0
Event: 0.539 Thread 0x000001d1fe7e5ce0 Thread added: 0x000001d1fe7e5ce0
Event: 1.551 Thread 0x000001d1c996be00 Thread added: 0x000001d1c996be00
Event: 2.104 Thread 0x000001d1c996be00 Thread exited: 0x000001d1c996be00


Dynamic libraries:
0x00007ff622900000 - 0x00007ff622910000 	C:\Program Files\Java\jdk-21\bin\java.exe
0x00007ff9f0c90000 - 0x00007ff9f0e88000 	C:\Windows\SYSTEM32\ntdll.dll
0x00007ff9ef770000 - 0x00007ff9ef82d000 	C:\Windows\System32\KERNEL32.DLL
0x00007ff9ee5d0000 - 0x00007ff9ee8c6000 	C:\Windows\System32\KERNELBASE.dll
0x00007ff9ee350000 - 0x00007ff9ee450000 	C:\Windows\System32\ucrtbase.dll
0x00007ff9e5ff0000 - 0x00007ff9e6009000 	C:\Program Files\Java\jdk-21\bin\jli.dll
0x00007ff9ef360000 - 0x00007ff9ef410000 	C:\Windows\System32\ADVAPI32.dll
0x00007ff9f0900000 - 0x00007ff9f099e000 	C:\Windows\System32\msvcrt.dll
0x00007ff9f07b0000 - 0x00007ff9f0850000 	C:\Windows\System32\sechost.dll
0x00007ff9f0350000 - 0x00007ff9f0473000 	C:\Windows\System32\RPCRT4.dll
0x00007ff9ee5a0000 - 0x00007ff9ee5c7000 	C:\Windows\System32\bcrypt.dll
0x00007ff9da950000 - 0x00007ff9da96b000 	C:\Program Files\Java\jdk-21\bin\VCRUNTIME140.dll
0x00007ff9f0550000 - 0x00007ff9f06ef000 	C:\Windows\System32\USER32.dll
0x00007ff9ee9f0000 - 0x00007ff9eea12000 	C:\Windows\System32\win32u.dll
0x00007ff9f0c20000 - 0x00007ff9f0c4b000 	C:\Windows\System32\GDI32.dll
0x00007ff9ee8d0000 - 0x00007ff9ee9e7000 	C:\Windows\System32\gdi32full.dll
0x00007ff9ee500000 - 0x00007ff9ee59d000 	C:\Windows\System32\msvcp_win.dll
0x00007ff9db150000 - 0x00007ff9db3ea000 	C:\Windows\WinSxS\amd64_microsoft.windows.common-controls_6595b64144ccf1df_6.0.19041.4355_none_60b8b9eb71f62e16\COMCTL32.dll
0x00007ff9e7e30000 - 0x00007ff9e7e3a000 	C:\Windows\SYSTEM32\VERSION.dll
0x00007ff9f06f0000 - 0x00007ff9f071f000 	C:\Windows\System32\IMM32.DLL
0x00007ff9eb6c0000 - 0x00007ff9eb6cc000 	C:\Program Files\Java\jdk-21\bin\vcruntime140_1.dll
0x00007ff9d36d0000 - 0x00007ff9d375e000 	C:\Program Files\Java\jdk-21\bin\msvcp140.dll
0x00007ff9b91c0000 - 0x00007ff9b9ed7000 	C:\Program Files\Java\jdk-21\bin\server\jvm.dll
0x00007ff9f02e0000 - 0x00007ff9f034b000 	C:\Windows\System32\WS2_32.dll
0x00007ff9ed8d0000 - 0x00007ff9ed91b000 	C:\Windows\SYSTEM32\POWRPROF.dll
0x00007ff9e3940000 - 0x00007ff9e3967000 	C:\Windows\SYSTEM32\WINMM.dll
0x00007ff9ed740000 - 0x00007ff9ed752000 	C:\Windows\SYSTEM32\UMPDC.dll
0x00007ff9ec1f0000 - 0x00007ff9ec202000 	C:\Windows\SYSTEM32\kernel.appcore.dll
0x00007ff9e65b0000 - 0x00007ff9e65ba000 	C:\Program Files\Java\jdk-21\bin\jimage.dll
0x00007ff9e8400000 - 0x00007ff9e85e4000 	C:\Windows\SYSTEM32\DBGHELP.DLL
0x00007ff9d94d0000 - 0x00007ff9d9504000 	C:\Windows\SYSTEM32\dbgcore.DLL
0x00007ff9eeb80000 - 0x00007ff9eec02000 	C:\Windows\System32\bcryptPrimitives.dll
0x00007ff9da870000 - 0x00007ff9da88f000 	C:\Program Files\Java\jdk-21\bin\java.dll
0x00007ff9ef910000 - 0x00007ff9f007c000 	C:\Windows\System32\SHELL32.dll
0x00007ff9ec3f0000 - 0x00007ff9ecb8d000 	C:\Windows\SYSTEM32\windows.storage.dll
0x00007ff9ef410000 - 0x00007ff9ef763000 	C:\Windows\System32\combase.dll
0x00007ff9edd70000 - 0x00007ff9edd9e000 	C:\Windows\SYSTEM32\Wldp.dll
0x00007ff9f0480000 - 0x00007ff9f054d000 	C:\Windows\System32\OLEAUT32.dll
0x00007ff9f0230000 - 0x00007ff9f02dd000 	C:\Windows\System32\SHCORE.dll
0x00007ff9f09a0000 - 0x00007ff9f09f5000 	C:\Windows\System32\shlwapi.dll
0x00007ff9ee280000 - 0x00007ff9ee2a4000 	C:\Windows\SYSTEM32\profapi.dll
0x00007ff9c4250000 - 0x00007ff9c4327000 	C:\Program Files\Java\jdk-21\bin\jsvml.dll
0x00007ff9e61e0000 - 0x00007ff9e61f0000 	C:\Program Files\Java\jdk-21\bin\net.dll
0x00007ff9e79e0000 - 0x00007ff9e7aea000 	C:\Windows\SYSTEM32\WINHTTP.dll
0x00007ff9edad0000 - 0x00007ff9edb3a000 	C:\Windows\system32\mswsock.dll
0x00007ff9da850000 - 0x00007ff9da866000 	C:\Program Files\Java\jdk-21\bin\nio.dll
0x00007ff9d9910000 - 0x00007ff9d9928000 	C:\Program Files\Java\jdk-21\bin\zip.dll
0x00007ff9c22a0000 - 0x00007ff9c242f000 	C:\Program Files\Java\jdk-21\bin\awt.dll
0x00007ff9eb860000 - 0x00007ff9eb8f0000 	C:\Windows\SYSTEM32\apphelp.dll
0x00007ff9ebd10000 - 0x00007ff9ebdae000 	C:\Windows\system32\uxtheme.dll
0x00007ff9f0080000 - 0x00007ff9f0194000 	C:\Windows\System32\MSCTF.dll
0x00007ff9f0a00000 - 0x00007ff9f0b2b000 	C:\Windows\System32\ole32.dll
0x00007ff9ec0e0000 - 0x00007ff9ec10f000 	C:\Windows\system32\DWMAPI.DLL
0x00007ff9cf220000 - 0x00007ff9cf2a7000 	C:\Program Files\Java\jdk-21\bin\freetype.dll
0x00007ff9c3c60000 - 0x00007ff9c3d42000 	C:\Program Files\Java\jdk-21\bin\fontmanager.dll
0x00007ff9c1970000 - 0x00007ff9c1a95000 	C:\Windows\system32\opengl32.dll
0x00007ff9d98e0000 - 0x00007ff9d990c000 	C:\Windows\SYSTEM32\GLU32.dll
0x00007ff9ac4f0000 - 0x00007ff9ac6be000 	C:\Windows\system32\d3d9.dll
0x00007ff9e3d60000 - 0x00007ff9e3f1b000 	C:\Windows\System32\DriverStore\FileRepository\u0390451.inf_amd64_39377efdd62734d1\B390182\aticfx64.dll
0x00007ff9d34b0000 - 0x00007ff9d34e4000 	C:\Windows\System32\DriverStore\FileRepository\u0390451.inf_amd64_39377efdd62734d1\B390182\atiu9p64.dll
0x00007ff9b77f0000 - 0x00007ff9b8545000 	C:\Windows\System32\DriverStore\FileRepository\u0390451.inf_amd64_39377efdd62734d1\B390182\atiumd64.dll
0x000000006dd00000 - 0x000000006ec27000 	C:\Windows\System32\DriverStore\FileRepository\u0390451.inf_amd64_39377efdd62734d1\B390182\atiumd6a.dll
0x00007ff9eeee0000 - 0x00007ff9ef34e000 	C:\Windows\System32\SETUPAPI.dll
0x00007ff9eec80000 - 0x00007ff9eecce000 	C:\Windows\System32\cfgmgr32.dll
0x00007ff9de5c0000 - 0x00007ff9de5f5000 	C:\Windows\SYSTEM32\amdihk64.dll
0x00007ff9e4660000 - 0x00007ff9e469b000 	C:\Windows\SYSTEM32\dxcore.dll
0x00007ff9f0850000 - 0x00007ff9f08f9000 	C:\Windows\System32\clbcatq.dll
0x00007ff9ebb30000 - 0x00007ff9ebce4000 	C:\Windows\SYSTEM32\WindowsCodecs.dll
0x00007ff9cfe90000 - 0x00007ff9cfece000 	C:\Windows\system32\dataexchange.dll
0x00007ff9e97b0000 - 0x00007ff9e9a13000 	C:\Windows\system32\d3d11.dll
0x00007ff9eaa50000 - 0x00007ff9eac35000 	C:\Windows\system32\dcomp.dll
0x00007ff9ecbd0000 - 0x00007ff9eccc2000 	C:\Windows\system32\dxgi.dll
0x00007ff9e6ec0000 - 0x00007ff9e70c3000 	C:\Windows\system32\twinapi.appcore.dll
0x00007ff9d6280000 - 0x00007ff9d6379000 	C:\Windows\SYSTEM32\textinputframework.dll
0x00007ff9eaff0000 - 0x00007ff9eb34b000 	C:\Windows\System32\CoreUIComponents.dll
0x00007ff9eb450000 - 0x00007ff9eb542000 	C:\Windows\System32\CoreMessaging.dll
0x00007ff9ed4a0000 - 0x00007ff9ed4d3000 	C:\Windows\SYSTEM32\ntmarta.dll
0x00007ff9ea510000 - 0x00007ff9ea667000 	C:\Windows\SYSTEM32\wintypes.dll
0x00007ff9d07c0000 - 0x00007ff9d086c000 	C:\Windows\SYSTEM32\TextShaping.dll

dbghelp: loaded successfully - version: 4.0.5 - missing functions: none
symbol engine: initialized successfully - sym options: 0x614 - pdb path: .;C:\Program Files\Java\jdk-21\bin;C:\Windows\SYSTEM32;C:\Windows\WinSxS\amd64_microsoft.windows.common-controls_6595b64144ccf1df_6.0.19041.4355_none_60b8b9eb71f62e16;C:\Program Files\Java\jdk-21\bin\server;C:\Windows\System32\DriverStore\FileRepository\u0390451.inf_amd64_39377efdd62734d1\B390182

VM Arguments:
jvm_args: -Dfile.encoding=UTF-8 --module-path=C:\Users\HUGET FIRMANSYAH\Downloads\New folder\Inventory-main\Inventory-main\build\classes 
java_command: view.MenuUtama
java_class_path (initial): C:\Users\HUGET FIRMANSYAH\Downloads\New folder\Inventory-main\Inventory-main\mysql-connector-java-8.0.25.jar;C:\Users\HUGET FIRMANSYAH\Downloads\New folder\Inventory-main\Inventory-main\build\classes
Launcher Type: SUN_STANDARD

[Global flags]
     intx CICompilerCount                          = 3                                         {product} {ergonomic}
     uint ConcGCThreads                            = 1                                         {product} {ergonomic}
     uint G1ConcRefinementThreads                  = 4                                         {product} {ergonomic}
   size_t G1HeapRegionSize                         = 1048576                                   {product} {ergonomic}
    uintx GCDrainStackTargetSize                   = 64                                        {product} {ergonomic}
   size_t InitialHeapSize                          = 134217728                                 {product} {ergonomic}
   size_t MarkStackSize                            = 4194304                                   {product} {ergonomic}
   size_t MaxHeapSize                              = 2136997888                                {product} {ergonomic}
   size_t MaxNewSize                               = 1281359872                                {product} {ergonomic}
   size_t MinHeapDeltaBytes                        = 1048576                                   {product} {ergonomic}
   size_t MinHeapSize                              = 8388608                                   {product} {ergonomic}
    uintx NonNMethodCodeHeapSize                   = 5832780                                {pd product} {ergonomic}
    uintx NonProfiledCodeHeapSize                  = 122912730                              {pd product} {ergonomic}
    uintx ProfiledCodeHeapSize                     = 122912730                              {pd product} {ergonomic}
    uintx ReservedCodeCacheSize                    = 251658240                              {pd product} {ergonomic}
     bool SegmentedCodeCache                       = true                                      {product} {ergonomic}
   size_t SoftMaxHeapSize                          = 2136997888                             {manageable} {ergonomic}
     bool UseCompressedOops                        = true                           {product lp64_product} {ergonomic}
     bool UseG1GC                                  = true                                      {product} {ergonomic}
     bool UseLargePagesIndividualAllocation        = false                                  {pd product} {ergonomic}

Logging:
Log output configuration:
 #0: stdout all=warning uptime,level,tags foldmultilines=false
 #1: stderr all=off uptime,level,tags foldmultilines=false

Environment Variables:
PATH=C:\Program Files\Common Files\Oracle\Java\javapath;C:\Windows\system32;C:\Windows;C:\Windows\System32\Wbem;C:\Windows\System32\WindowsPowerShell\v1.0\;C:\Windows\System32\OpenSSH\;D:\Git\cmd;C:\Users\HUGET FIRMANSYAH\AppData\Local\Microsoft\WindowsApps;;D:\Microsoft VS Code\bin
USERNAME=HUGET FIRMANSYAH
OS=Windows_NT
PROCESSOR_IDENTIFIER=Intel64 Family 6 Model 94 Stepping 3, GenuineIntel
TMP=C:\Users\HUGETF~1\AppData\Local\Temp
TEMP=C:\Users\HUGETF~1\AppData\Local\Temp




Periodic native trim disabled

---------------  S Y S T E M  ---------------

OS:
 Windows 10 , 64 bit Build 19041 (10.0.19041.3636)
OS uptime: 11 days 9:38 hours

CPU: total 4 (initial active 4) (4 cores per cpu, 1 threads per core) family 6 model 94 stepping 3 microcode 0xcc, cx8, cmov, fxsr, mmx, 3dnowpref, sse, sse2, sse3, ssse3, sse4.1, sse4.2, popcnt, lzcnt, tsc, tscinvbit, avx, avx2, aes, erms, clmul, bmi1, bmi2, adx, fma, vzeroupper, clflush, clflushopt, rdtscp, f16c
Processor Information for all 4 processors :
  Max Mhz: 2701, Current Mhz: 2701, Mhz Limit: 2701

Memory: 4k page, system-wide physical 8144M (730M free)
TotalPageFile size 14574M (AvailPageFile size 9M)
current process WorkingSet (physical memory assigned to process): 72M, peak: 114M
current process commit charge ("private bytes"): 250M, peak: 261M

vm_info: Java HotSpot(TM) 64-Bit Server VM (21.0.2+13-LTS-58) for windows-amd64 JRE (21.0.2+13-LTS-58), built on 2024-01-05T18:32:24Z by "mach5one" with MS VC++ 17.1 (VS2022)

END.
