#
# There is insufficient memory for the Java Runtime Environment to continue.
# Native memory allocation (malloc) failed to allocate 65552 bytes for Chunk::new
# Possible reasons:
#   The system is out of physical RAM or swap space
#   The process is running with CompressedOops enabled, and the Java Heap may be blocking the growth of the native heap
# Possible solutions:
#   Reduce memory load on the system
#   Increase physical memory or swap space
#   Check if swap backing store is full
#   Decrease Java heap size (-Xmx/-Xms)
#   Decrease number of Java threads
#   Decrease Java thread stack sizes (-Xss)
#   Set larger code cache with -XX:ReservedCodeCacheSize=
#   JVM is running with Unscaled Compressed Oops mode in which the Java heap is
#     placed in the first 4GB address space. The Java Heap base address is the
#     maximum limit for the native heap growth. Please use -XX:HeapBaseMinAddress
#     to set the Java Heap base and to place the Java Heap above 4GB virtual address.
# This output file may be truncated or incomplete.
#
#  Out of Memory Error (arena.cpp:168), pid=10620, tid=9212
#
# JRE version: Java(TM) SE Runtime Environment (21.0.2+13) (build 21.0.2+13-LTS-58)
# Java VM: Java HotSpot(TM) 64-Bit Server VM (21.0.2+13-LTS-58, mixed mode, sharing, tiered, compressed oops, compressed class ptrs, g1 gc, windows-amd64)
# No core dump will be written. Minidumps are not enabled by default on client versions of Windows
#

---------------  S U M M A R Y ------------

Command Line: -Dfile.encoding=UTF-8 --module-path=C:\Users\HUGET FIRMANSYAH\Downloads\New folder\Inventory-main\Inventory-main\build\classes view.MenuUtama

Host: Intel(R) Core(TM) i5-6400 CPU @ 2.70GHz, 4 cores, 7G,  Windows 10 , 64 bit Build 19041 (10.0.19041.3636)
Time: Sun Jul  7 07:05:26 2024 SE Asia Standard Time elapsed time: 472295.409442 seconds (5d 11h 11m 35s)

---------------  T H R E A D  ---------------

Current thread (0x00000170d36eaa00):  JavaThread "C2 CompilerThread0" daemon [_thread_in_native, id=9212, stack(0x0000001be2100000,0x0000001be2200000) (1024K)]


Current CompileTask:
C2:472295411 3260       4       sun.java2d.d3d.D3DDrawImage::renderImageXform (131 bytes)

Stack: [0x0000001be2100000,0x0000001be2200000]
Native frames: (J=compiled Java code, j=interpreted, Vv=VM code, C=native code)
V  [jvm.dll+0x6cade9]
V  [jvm.dll+0x8569c1]
V  [jvm.dll+0x858d2e]
V  [jvm.dll+0x859413]
V  [jvm.dll+0x280e56]
V  [jvm.dll+0xc3f3d]
V  [jvm.dll+0xc4473]
V  [jvm.dll+0xc4065]
V  [jvm.dll+0x6a7a5c]
V  [jvm.dll+0x251499]
V  [jvm.dll+0x6f0667]
V  [jvm.dll+0x248ed7]
V  [jvm.dll+0x1c9634]
V  [jvm.dll+0x258859]
V  [jvm.dll+0x256e3a]
V  [jvm.dll+0x3ef6c6]
V  [jvm.dll+0x7ff568]
V  [jvm.dll+0x6c953d]
C  [ucrtbase.dll+0x21bb2]
C  [KERNEL32.DLL+0x17344]
C  [ntdll.dll+0x4cc91]


---------------  P R O C E S S  ---------------

Threads class SMR info:
_java_thread_list=0x000001711a3367e0, length=17, elements={
0x00000170d36dc0f0, 0x00000170d36dcc20, 0x00000170d36e0620, 0x00000170d36e4f70,
0x00000170d36e59e0, 0x00000170d36ea060, 0x00000170d36eaa00, 0x00000170d36ed0c0,
0x00000170d38fd820, 0x00000170d39d2ee0, 0x00000170d3b17f30, 0x00000170d3b1a5b0,
0x00000170d3b1ac20, 0x00000170d3c4e230, 0x00000170b558b7a0, 0x000001711a5abf30,
0x000001711a355f70
}

Java Threads: ( => current thread )
  0x00000170d36dc0f0 JavaThread "Reference Handler"          daemon [_thread_blocked, id=10700, stack(0x0000001be1b00000,0x0000001be1c00000) (1024K)]
  0x00000170d36dcc20 JavaThread "Finalizer"                  daemon [_thread_blocked, id=4124, stack(0x0000001be1c00000,0x0000001be1d00000) (1024K)]
  0x00000170d36e0620 JavaThread "Signal Dispatcher"          daemon [_thread_blocked, id=4236, stack(0x0000001be1d00000,0x0000001be1e00000) (1024K)]
  0x00000170d36e4f70 JavaThread "Attach Listener"            daemon [_thread_blocked, id=6300, stack(0x0000001be1e00000,0x0000001be1f00000) (1024K)]
  0x00000170d36e59e0 JavaThread "Service Thread"             daemon [_thread_blocked, id=8984, stack(0x0000001be1f00000,0x0000001be2000000) (1024K)]
  0x00000170d36ea060 JavaThread "Monitor Deflation Thread"   daemon [_thread_blocked, id=4004, stack(0x0000001be2000000,0x0000001be2100000) (1024K)]
=>0x00000170d36eaa00 JavaThread "C2 CompilerThread0"         daemon [_thread_in_native, id=9212, stack(0x0000001be2100000,0x0000001be2200000) (1024K)]
  0x00000170d36ed0c0 JavaThread "C1 CompilerThread0"         daemon [_thread_blocked, id=2728, stack(0x0000001be2200000,0x0000001be2300000) (1024K)]
  0x00000170d38fd820 JavaThread "Common-Cleaner"             daemon [_thread_blocked, id=8040, stack(0x0000001be2300000,0x0000001be2400000) (1024K)]
  0x00000170d39d2ee0 JavaThread "Notification Thread"        daemon [_thread_blocked, id=8628, stack(0x0000001be2400000,0x0000001be2500000) (1024K)]
  0x00000170d3b17f30 JavaThread "Java2D Disposer"            daemon [_thread_blocked, id=6152, stack(0x0000001be2600000,0x0000001be2700000) (1024K)]
  0x00000170d3b1a5b0 JavaThread "AWT-Shutdown"                      [_thread_blocked, id=6356, stack(0x0000001be2700000,0x0000001be2800000) (1024K)]
  0x00000170d3b1ac20 JavaThread "AWT-Windows"                daemon [_thread_in_native, id=5508, stack(0x0000001be2800000,0x0000001be2900000) (1024K)]
  0x00000170d3c4e230 JavaThread "AWT-EventQueue-0"                  [_thread_blocked, id=10924, stack(0x0000001be2900000,0x0000001be2a00000) (1024K)]
  0x00000170b558b7a0 JavaThread "DestroyJavaVM"                     [_thread_blocked, id=5292, stack(0x0000001be1300000,0x0000001be1400000) (1024K)]
  0x000001711a5abf30 JavaThread "TimerQueue"                 daemon [_thread_blocked, id=6464, stack(0x0000001be3300000,0x0000001be3400000) (1024K)]
  0x000001711a355f70 JavaThread "D3D Screen Updater"         daemon [_thread_blocked, id=496, stack(0x0000001be3400000,0x0000001be3500000) (1024K)]
Total: 17

Other Threads:
  0x00000170b556ab40 VMThread "VM Thread"                           [id=10760, stack(0x0000001be1a00000,0x0000001be1b00000) (1024K)]
  0x00000170d36a6940 WatcherThread "VM Periodic Task Thread"        [id=6656, stack(0x0000001be1900000,0x0000001be1a00000) (1024K)]
  0x00000170b5569580 WorkerThread "GC Thread#0"                     [id=4864, stack(0x0000001be1400000,0x0000001be1500000) (1024K)]
  0x000001711a202de0 WorkerThread "GC Thread#1"                     [id=11324, stack(0x0000001be1000000,0x0000001be1100000) (1024K)]
  0x000001711a2010e0 WorkerThread "GC Thread#2"                     [id=11320, stack(0x0000001be1100000,0x0000001be1200000) (1024K)]
  0x000001711a204000 WorkerThread "GC Thread#3"                     [id=11312, stack(0x0000001be1200000,0x0000001be1300000) (1024K)]
  0x00000170b56eddf0 ConcurrentGCThread "G1 Main Marker"            [id=6340, stack(0x0000001be1500000,0x0000001be1600000) (1024K)]
  0x00000170b5569920 WorkerThread "G1 Conc#0"                       [id=6392, stack(0x0000001be1600000,0x0000001be1700000) (1024K)]
  0x00000170d35680e0 ConcurrentGCThread "G1 Refine#0"               [id=1960, stack(0x0000001be1700000,0x0000001be1800000) (1024K)]
  0x00000170d356a870 ConcurrentGCThread "G1 Service"                [id=7248, stack(0x0000001be1800000,0x0000001be1900000) (1024K)]
Total: 10

Threads with active compile tasks:
C2 CompilerThread0  472295549 3260       4       sun.java2d.d3d.D3DDrawImage::renderImageXform (131 bytes)
Total: 1

VM state: not at safepoint (normal execution)

VM Mutex/Monitor currently owned by a thread: None

Heap address: 0x0000000080a00000, size: 2038 MB, Compressed Oops mode: 32-bit

CDS archive(s) mapped at: [0x00000170d4000000-0x00000170d4c90000-0x00000170d4c90000), size 13172736, SharedBaseAddress: 0x00000170d4000000, ArchiveRelocationMode: 1.
Compressed class space mapped at: 0x00000170d5000000-0x0000017115000000, reserved size: 1073741824
Narrow klass base: 0x00000170d4000000, Narrow klass shift: 0, Narrow klass range: 0x100000000

GC Precious Log:
 CardTable entry size: 512
 Card Set container configuration: InlinePtr #cards 5 size 8 Array Of Cards #cards 12 size 40 Howl #buckets 4 coarsen threshold 1843 Howl Bitmap #cards 512 size 80 coarsen threshold 460 Card regions per heap region 1 cards per card region 2048
 CPUs: 4 total, 4 available
 Memory: 8144M
 Large Page Support: Disabled
 NUMA Support: Disabled
 Compressed Oops: Enabled (32-bit)
 Heap Region Size: 1M
 Heap Min Capacity: 8M
 Heap Initial Capacity: 128M
 Heap Max Capacity: 2038M
 Pre-touch: Disabled
 Parallel Workers: 4
 Concurrent Workers: 1
 Concurrent Refinement Workers: 4
 Periodic GC: Disabled

Heap:
 garbage-first heap   total 131072K, used 64671K [0x0000000080a00000, 0x0000000100000000)
  region size 1024K, 61 young (62464K), 2 survivors (2048K)
 Metaspace       used 11850K, committed 12032K, reserved 1114112K
  class space    used 1242K, committed 1344K, reserved 1048576K

Heap Regions: E=young(eden), S=young(survivor), O=old, HS=humongous(starts), HC=humongous(continues), CS=collection set, F=free, TAMS=top-at-mark-start, PB=parsable bottom
|   0|0x0000000080a00000, 0x0000000080b00000, 0x0000000080b00000|100%| O|  |TAMS 0x0000000080a00000| PB 0x0000000080a00000| Untracked 
|   1|0x0000000080b00000, 0x0000000080c00000, 0x0000000080c00000|100%| O|  |TAMS 0x0000000080b00000| PB 0x0000000080b00000| Untracked 
|   2|0x0000000080c00000, 0x0000000080d00000, 0x0000000080d00000|100%| O|  |TAMS 0x0000000080c00000| PB 0x0000000080c00000| Untracked 
|   3|0x0000000080d00000, 0x0000000080deea90, 0x0000000080e00000| 93%| O|  |TAMS 0x0000000080d00000| PB 0x0000000080d00000| Untracked 
|   4|0x0000000080e00000, 0x0000000080e00000, 0x0000000080f00000|  0%| F|  |TAMS 0x0000000080e00000| PB 0x0000000080e00000| Untracked 
|   5|0x0000000080f00000, 0x0000000080f00000, 0x0000000081000000|  0%| F|  |TAMS 0x0000000080f00000| PB 0x0000000080f00000| Untracked 
|   6|0x0000000081000000, 0x0000000081000000, 0x0000000081100000|  0%| F|  |TAMS 0x0000000081000000| PB 0x0000000081000000| Untracked 
|   7|0x0000000081100000, 0x0000000081100000, 0x0000000081200000|  0%| F|  |TAMS 0x0000000081100000| PB 0x0000000081100000| Untracked 
|   8|0x0000000081200000, 0x0000000081200000, 0x0000000081300000|  0%| F|  |TAMS 0x0000000081200000| PB 0x0000000081200000| Untracked 
|   9|0x0000000081300000, 0x0000000081300000, 0x0000000081400000|  0%| F|  |TAMS 0x0000000081300000| PB 0x0000000081300000| Untracked 
|  10|0x0000000081400000, 0x0000000081400000, 0x0000000081500000|  0%| F|  |TAMS 0x0000000081400000| PB 0x0000000081400000| Untracked 
|  11|0x0000000081500000, 0x0000000081500000, 0x0000000081600000|  0%| F|  |TAMS 0x0000000081500000| PB 0x0000000081500000| Untracked 
|  12|0x0000000081600000, 0x0000000081600000, 0x0000000081700000|  0%| F|  |TAMS 0x0000000081600000| PB 0x0000000081600000| Untracked 
|  13|0x0000000081700000, 0x0000000081700000, 0x0000000081800000|  0%| F|  |TAMS 0x0000000081700000| PB 0x0000000081700000| Untracked 
|  14|0x0000000081800000, 0x0000000081800000, 0x0000000081900000|  0%| F|  |TAMS 0x0000000081800000| PB 0x0000000081800000| Untracked 
|  15|0x0000000081900000, 0x0000000081900000, 0x0000000081a00000|  0%| F|  |TAMS 0x0000000081900000| PB 0x0000000081900000| Untracked 
|  16|0x0000000081a00000, 0x0000000081a00000, 0x0000000081b00000|  0%| F|  |TAMS 0x0000000081a00000| PB 0x0000000081a00000| Untracked 
|  17|0x0000000081b00000, 0x0000000081b00000, 0x0000000081c00000|  0%| F|  |TAMS 0x0000000081b00000| PB 0x0000000081b00000| Untracked 
|  18|0x0000000081c00000, 0x0000000081c00000, 0x0000000081d00000|  0%| F|  |TAMS 0x0000000081c00000| PB 0x0000000081c00000| Untracked 
|  19|0x0000000081d00000, 0x0000000081d00000, 0x0000000081e00000|  0%| F|  |TAMS 0x0000000081d00000| PB 0x0000000081d00000| Untracked 
|  20|0x0000000081e00000, 0x0000000081e00000, 0x0000000081f00000|  0%| F|  |TAMS 0x0000000081e00000| PB 0x0000000081e00000| Untracked 
|  21|0x0000000081f00000, 0x0000000081f00000, 0x0000000082000000|  0%| F|  |TAMS 0x0000000081f00000| PB 0x0000000081f00000| Untracked 
|  22|0x0000000082000000, 0x0000000082000000, 0x0000000082100000|  0%| F|  |TAMS 0x0000000082000000| PB 0x0000000082000000| Untracked 
|  23|0x0000000082100000, 0x0000000082100000, 0x0000000082200000|  0%| F|  |TAMS 0x0000000082100000| PB 0x0000000082100000| Untracked 
|  24|0x0000000082200000, 0x0000000082200000, 0x0000000082300000|  0%| F|  |TAMS 0x0000000082200000| PB 0x0000000082200000| Untracked 
|  25|0x0000000082300000, 0x0000000082300000, 0x0000000082400000|  0%| F|  |TAMS 0x0000000082300000| PB 0x0000000082300000| Untracked 
|  26|0x0000000082400000, 0x0000000082400000, 0x0000000082500000|  0%| F|  |TAMS 0x0000000082400000| PB 0x0000000082400000| Untracked 
|  27|0x0000000082500000, 0x0000000082500000, 0x0000000082600000|  0%| F|  |TAMS 0x0000000082500000| PB 0x0000000082500000| Untracked 
|  28|0x0000000082600000, 0x0000000082600000, 0x0000000082700000|  0%| F|  |TAMS 0x0000000082600000| PB 0x0000000082600000| Untracked 
|  29|0x0000000082700000, 0x0000000082700000, 0x0000000082800000|  0%| F|  |TAMS 0x0000000082700000| PB 0x0000000082700000| Untracked 
|  30|0x0000000082800000, 0x0000000082800000, 0x0000000082900000|  0%| F|  |TAMS 0x0000000082800000| PB 0x0000000082800000| Untracked 
|  31|0x0000000082900000, 0x0000000082900000, 0x0000000082a00000|  0%| F|  |TAMS 0x0000000082900000| PB 0x0000000082900000| Untracked 
|  32|0x0000000082a00000, 0x0000000082a00000, 0x0000000082b00000|  0%| F|  |TAMS 0x0000000082a00000| PB 0x0000000082a00000| Untracked 
|  33|0x0000000082b00000, 0x0000000082b00000, 0x0000000082c00000|  0%| F|  |TAMS 0x0000000082b00000| PB 0x0000000082b00000| Untracked 
|  34|0x0000000082c00000, 0x0000000082c00000, 0x0000000082d00000|  0%| F|  |TAMS 0x0000000082c00000| PB 0x0000000082c00000| Untracked 
|  35|0x0000000082d00000, 0x0000000082d00000, 0x0000000082e00000|  0%| F|  |TAMS 0x0000000082d00000| PB 0x0000000082d00000| Untracked 
|  36|0x0000000082e00000, 0x0000000082e00000, 0x0000000082f00000|  0%| F|  |TAMS 0x0000000082e00000| PB 0x0000000082e00000| Untracked 
|  37|0x0000000082f00000, 0x0000000082f00000, 0x0000000083000000|  0%| F|  |TAMS 0x0000000082f00000| PB 0x0000000082f00000| Untracked 
|  38|0x0000000083000000, 0x0000000083000000, 0x0000000083100000|  0%| F|  |TAMS 0x0000000083000000| PB 0x0000000083000000| Untracked 
|  39|0x0000000083100000, 0x0000000083100000, 0x0000000083200000|  0%| F|  |TAMS 0x0000000083100000| PB 0x0000000083100000| Untracked 
|  40|0x0000000083200000, 0x0000000083200000, 0x0000000083300000|  0%| F|  |TAMS 0x0000000083200000| PB 0x0000000083200000| Untracked 
|  41|0x0000000083300000, 0x0000000083300000, 0x0000000083400000|  0%| F|  |TAMS 0x0000000083300000| PB 0x0000000083300000| Untracked 
|  42|0x0000000083400000, 0x0000000083400000, 0x0000000083500000|  0%| F|  |TAMS 0x0000000083400000| PB 0x0000000083400000| Untracked 
|  43|0x0000000083500000, 0x0000000083500000, 0x0000000083600000|  0%| F|  |TAMS 0x0000000083500000| PB 0x0000000083500000| Untracked 
|  44|0x0000000083600000, 0x0000000083600000, 0x0000000083700000|  0%| F|  |TAMS 0x0000000083600000| PB 0x0000000083600000| Untracked 
|  45|0x0000000083700000, 0x0000000083700000, 0x0000000083800000|  0%| F|  |TAMS 0x0000000083700000| PB 0x0000000083700000| Untracked 
|  46|0x0000000083800000, 0x0000000083800000, 0x0000000083900000|  0%| F|  |TAMS 0x0000000083800000| PB 0x0000000083800000| Untracked 
|  47|0x0000000083900000, 0x0000000083900000, 0x0000000083a00000|  0%| F|  |TAMS 0x0000000083900000| PB 0x0000000083900000| Untracked 
|  48|0x0000000083a00000, 0x0000000083a00000, 0x0000000083b00000|  0%| F|  |TAMS 0x0000000083a00000| PB 0x0000000083a00000| Untracked 
|  49|0x0000000083b00000, 0x0000000083b00000, 0x0000000083c00000|  0%| F|  |TAMS 0x0000000083b00000| PB 0x0000000083b00000| Untracked 
|  50|0x0000000083c00000, 0x0000000083c00000, 0x0000000083d00000|  0%| F|  |TAMS 0x0000000083c00000| PB 0x0000000083c00000| Untracked 
|  51|0x0000000083d00000, 0x0000000083d00000, 0x0000000083e00000|  0%| F|  |TAMS 0x0000000083d00000| PB 0x0000000083d00000| Untracked 
|  52|0x0000000083e00000, 0x0000000083e393e0, 0x0000000083f00000| 22%| S|CS|TAMS 0x0000000083e00000| PB 0x0000000083e00000| Complete 
|  53|0x0000000083f00000, 0x0000000084000000, 0x0000000084000000|100%| S|CS|TAMS 0x0000000083f00000| PB 0x0000000083f00000| Complete 
|  54|0x0000000084000000, 0x0000000084000000, 0x0000000084100000|  0%| F|  |TAMS 0x0000000084000000| PB 0x0000000084000000| Untracked 
|  55|0x0000000084100000, 0x0000000084100000, 0x0000000084200000|  0%| F|  |TAMS 0x0000000084100000| PB 0x0000000084100000| Untracked 
|  56|0x0000000084200000, 0x0000000084200000, 0x0000000084300000|  0%| F|  |TAMS 0x0000000084200000| PB 0x0000000084200000| Untracked 
|  57|0x0000000084300000, 0x0000000084300000, 0x0000000084400000|  0%| F|  |TAMS 0x0000000084300000| PB 0x0000000084300000| Untracked 
|  58|0x0000000084400000, 0x0000000084400000, 0x0000000084500000|  0%| F|  |TAMS 0x0000000084400000| PB 0x0000000084400000| Untracked 
|  59|0x0000000084500000, 0x0000000084500000, 0x0000000084600000|  0%| F|  |TAMS 0x0000000084500000| PB 0x0000000084500000| Untracked 
|  60|0x0000000084600000, 0x0000000084600000, 0x0000000084700000|  0%| F|  |TAMS 0x0000000084600000| PB 0x0000000084600000| Untracked 
|  61|0x0000000084700000, 0x0000000084700000, 0x0000000084800000|  0%| F|  |TAMS 0x0000000084700000| PB 0x0000000084700000| Untracked 
|  62|0x0000000084800000, 0x0000000084800000, 0x0000000084900000|  0%| F|  |TAMS 0x0000000084800000| PB 0x0000000084800000| Untracked 
|  63|0x0000000084900000, 0x0000000084900000, 0x0000000084a00000|  0%| F|  |TAMS 0x0000000084900000| PB 0x0000000084900000| Untracked 
|  64|0x0000000084a00000, 0x0000000084a00000, 0x0000000084b00000|  0%| F|  |TAMS 0x0000000084a00000| PB 0x0000000084a00000| Untracked 
|  65|0x0000000084b00000, 0x0000000084b00000, 0x0000000084c00000|  0%| F|  |TAMS 0x0000000084b00000| PB 0x0000000084b00000| Untracked 
|  66|0x0000000084c00000, 0x0000000084c00000, 0x0000000084d00000|  0%| F|  |TAMS 0x0000000084c00000| PB 0x0000000084c00000| Untracked 
|  67|0x0000000084d00000, 0x0000000084d00000, 0x0000000084e00000|  0%| F|  |TAMS 0x0000000084d00000| PB 0x0000000084d00000| Untracked 
|  68|0x0000000084e00000, 0x0000000084e00000, 0x0000000084f00000|  0%| F|  |TAMS 0x0000000084e00000| PB 0x0000000084e00000| Untracked 
|  69|0x0000000084f00000, 0x0000000085000000, 0x0000000085000000|100%| E|  |TAMS 0x0000000084f00000| PB 0x0000000084f00000| Complete 
|  70|0x0000000085000000, 0x0000000085100000, 0x0000000085100000|100%| E|CS|TAMS 0x0000000085000000| PB 0x0000000085000000| Complete 
|  71|0x0000000085100000, 0x0000000085200000, 0x0000000085200000|100%| E|CS|TAMS 0x0000000085100000| PB 0x0000000085100000| Complete 
|  72|0x0000000085200000, 0x0000000085300000, 0x0000000085300000|100%| E|CS|TAMS 0x0000000085200000| PB 0x0000000085200000| Complete 
|  73|0x0000000085300000, 0x0000000085400000, 0x0000000085400000|100%| E|CS|TAMS 0x0000000085300000| PB 0x0000000085300000| Complete 
|  74|0x0000000085400000, 0x0000000085500000, 0x0000000085500000|100%| E|CS|TAMS 0x0000000085400000| PB 0x0000000085400000| Complete 
|  75|0x0000000085500000, 0x0000000085600000, 0x0000000085600000|100%| E|CS|TAMS 0x0000000085500000| PB 0x0000000085500000| Complete 
|  76|0x0000000085600000, 0x0000000085700000, 0x0000000085700000|100%| E|CS|TAMS 0x0000000085600000| PB 0x0000000085600000| Complete 
|  77|0x0000000085700000, 0x0000000085800000, 0x0000000085800000|100%| E|CS|TAMS 0x0000000085700000| PB 0x0000000085700000| Complete 
|  78|0x0000000085800000, 0x0000000085900000, 0x0000000085900000|100%| E|CS|TAMS 0x0000000085800000| PB 0x0000000085800000| Complete 
|  79|0x0000000085900000, 0x0000000085a00000, 0x0000000085a00000|100%| E|CS|TAMS 0x0000000085900000| PB 0x0000000085900000| Complete 
|  80|0x0000000085a00000, 0x0000000085b00000, 0x0000000085b00000|100%| E|CS|TAMS 0x0000000085a00000| PB 0x0000000085a00000| Complete 
|  81|0x0000000085b00000, 0x0000000085c00000, 0x0000000085c00000|100%| E|CS|TAMS 0x0000000085b00000| PB 0x0000000085b00000| Complete 
|  82|0x0000000085c00000, 0x0000000085d00000, 0x0000000085d00000|100%| E|CS|TAMS 0x0000000085c00000| PB 0x0000000085c00000| Complete 
|  83|0x0000000085d00000, 0x0000000085e00000, 0x0000000085e00000|100%| E|CS|TAMS 0x0000000085d00000| PB 0x0000000085d00000| Complete 
|  84|0x0000000085e00000, 0x0000000085f00000, 0x0000000085f00000|100%| E|CS|TAMS 0x0000000085e00000| PB 0x0000000085e00000| Complete 
|  85|0x0000000085f00000, 0x0000000086000000, 0x0000000086000000|100%| E|CS|TAMS 0x0000000085f00000| PB 0x0000000085f00000| Complete 
|  86|0x0000000086000000, 0x0000000086100000, 0x0000000086100000|100%| E|CS|TAMS 0x0000000086000000| PB 0x0000000086000000| Complete 
|  87|0x0000000086100000, 0x0000000086200000, 0x0000000086200000|100%| E|CS|TAMS 0x0000000086100000| PB 0x0000000086100000| Complete 
|  88|0x0000000086200000, 0x0000000086300000, 0x0000000086300000|100%| E|CS|TAMS 0x0000000086200000| PB 0x0000000086200000| Complete 
|  89|0x0000000086300000, 0x0000000086400000, 0x0000000086400000|100%| E|CS|TAMS 0x0000000086300000| PB 0x0000000086300000| Complete 
|  90|0x0000000086400000, 0x0000000086500000, 0x0000000086500000|100%| E|CS|TAMS 0x0000000086400000| PB 0x0000000086400000| Complete 
|  91|0x0000000086500000, 0x0000000086600000, 0x0000000086600000|100%| E|CS|TAMS 0x0000000086500000| PB 0x0000000086500000| Complete 
|  92|0x0000000086600000, 0x0000000086700000, 0x0000000086700000|100%| E|CS|TAMS 0x0000000086600000| PB 0x0000000086600000| Complete 
|  93|0x0000000086700000, 0x0000000086800000, 0x0000000086800000|100%| E|CS|TAMS 0x0000000086700000| PB 0x0000000086700000| Complete 
|  94|0x0000000086800000, 0x0000000086900000, 0x0000000086900000|100%| E|CS|TAMS 0x0000000086800000| PB 0x0000000086800000| Complete 
|  95|0x0000000086900000, 0x0000000086a00000, 0x0000000086a00000|100%| E|CS|TAMS 0x0000000086900000| PB 0x0000000086900000| Complete 
|  96|0x0000000086a00000, 0x0000000086b00000, 0x0000000086b00000|100%| E|CS|TAMS 0x0000000086a00000| PB 0x0000000086a00000| Complete 
|  97|0x0000000086b00000, 0x0000000086c00000, 0x0000000086c00000|100%| E|CS|TAMS 0x0000000086b00000| PB 0x0000000086b00000| Complete 
|  98|0x0000000086c00000, 0x0000000086d00000, 0x0000000086d00000|100%| E|CS|TAMS 0x0000000086c00000| PB 0x0000000086c00000| Complete 
|  99|0x0000000086d00000, 0x0000000086e00000, 0x0000000086e00000|100%| E|CS|TAMS 0x0000000086d00000| PB 0x0000000086d00000| Complete 
| 100|0x0000000086e00000, 0x0000000086f00000, 0x0000000086f00000|100%| E|CS|TAMS 0x0000000086e00000| PB 0x0000000086e00000| Complete 
| 101|0x0000000086f00000, 0x0000000087000000, 0x0000000087000000|100%| E|CS|TAMS 0x0000000086f00000| PB 0x0000000086f00000| Complete 
| 102|0x0000000087000000, 0x0000000087100000, 0x0000000087100000|100%| E|CS|TAMS 0x0000000087000000| PB 0x0000000087000000| Complete 
| 103|0x0000000087100000, 0x0000000087200000, 0x0000000087200000|100%| E|CS|TAMS 0x0000000087100000| PB 0x0000000087100000| Complete 
| 104|0x0000000087200000, 0x0000000087300000, 0x0000000087300000|100%| E|CS|TAMS 0x0000000087200000| PB 0x0000000087200000| Complete 
| 105|0x0000000087300000, 0x0000000087400000, 0x0000000087400000|100%| E|CS|TAMS 0x0000000087300000| PB 0x0000000087300000| Complete 
| 106|0x0000000087400000, 0x0000000087500000, 0x0000000087500000|100%| E|CS|TAMS 0x0000000087400000| PB 0x0000000087400000| Complete 
| 107|0x0000000087500000, 0x0000000087600000, 0x0000000087600000|100%| E|CS|TAMS 0x0000000087500000| PB 0x0000000087500000| Complete 
| 108|0x0000000087600000, 0x0000000087700000, 0x0000000087700000|100%| E|CS|TAMS 0x0000000087600000| PB 0x0000000087600000| Complete 
| 109|0x0000000087700000, 0x0000000087800000, 0x0000000087800000|100%| E|CS|TAMS 0x0000000087700000| PB 0x0000000087700000| Complete 
| 110|0x0000000087800000, 0x0000000087900000, 0x0000000087900000|100%| E|CS|TAMS 0x0000000087800000| PB 0x0000000087800000| Complete 
| 111|0x0000000087900000, 0x0000000087a00000, 0x0000000087a00000|100%| E|CS|TAMS 0x0000000087900000| PB 0x0000000087900000| Complete 
| 112|0x0000000087a00000, 0x0000000087b00000, 0x0000000087b00000|100%| E|CS|TAMS 0x0000000087a00000| PB 0x0000000087a00000| Complete 
| 113|0x0000000087b00000, 0x0000000087c00000, 0x0000000087c00000|100%| E|CS|TAMS 0x0000000087b00000| PB 0x0000000087b00000| Complete 
| 114|0x0000000087c00000, 0x0000000087d00000, 0x0000000087d00000|100%| E|CS|TAMS 0x0000000087c00000| PB 0x0000000087c00000| Complete 
| 115|0x0000000087d00000, 0x0000000087e00000, 0x0000000087e00000|100%| E|CS|TAMS 0x0000000087d00000| PB 0x0000000087d00000| Complete 
| 116|0x0000000087e00000, 0x0000000087f00000, 0x0000000087f00000|100%| E|CS|TAMS 0x0000000087e00000| PB 0x0000000087e00000| Complete 
| 117|0x0000000087f00000, 0x0000000088000000, 0x0000000088000000|100%| E|CS|TAMS 0x0000000087f00000| PB 0x0000000087f00000| Complete 
| 118|0x0000000088000000, 0x0000000088100000, 0x0000000088100000|100%| E|CS|TAMS 0x0000000088000000| PB 0x0000000088000000| Complete 
| 119|0x0000000088100000, 0x0000000088200000, 0x0000000088200000|100%| E|CS|TAMS 0x0000000088100000| PB 0x0000000088100000| Complete 
| 120|0x0000000088200000, 0x0000000088300000, 0x0000000088300000|100%| E|CS|TAMS 0x0000000088200000| PB 0x0000000088200000| Complete 
| 121|0x0000000088300000, 0x0000000088400000, 0x0000000088400000|100%| E|CS|TAMS 0x0000000088300000| PB 0x0000000088300000| Complete 
| 122|0x0000000088400000, 0x0000000088500000, 0x0000000088500000|100%| E|CS|TAMS 0x0000000088400000| PB 0x0000000088400000| Complete 
| 123|0x0000000088500000, 0x0000000088600000, 0x0000000088600000|100%| E|CS|TAMS 0x0000000088500000| PB 0x0000000088500000| Complete 
| 124|0x0000000088600000, 0x0000000088700000, 0x0000000088700000|100%| E|CS|TAMS 0x0000000088600000| PB 0x0000000088600000| Complete 
| 125|0x0000000088700000, 0x0000000088800000, 0x0000000088800000|100%| E|CS|TAMS 0x0000000088700000| PB 0x0000000088700000| Complete 
| 126|0x0000000088800000, 0x0000000088900000, 0x0000000088900000|100%| E|CS|TAMS 0x0000000088800000| PB 0x0000000088800000| Complete 
| 127|0x0000000088900000, 0x0000000088a00000, 0x0000000088a00000|100%| E|CS|TAMS 0x0000000088900000| PB 0x0000000088900000| Complete 

Card table byte_map: [0x00000170cece0000,0x00000170cf0e0000] _byte_map_base: 0x00000170ce8db000

Marking Bits: (CMBitMap*) 0x00000170b56dd4a0
 Bits: [0x00000170cf0e0000, 0x00000170d10b8000)

Polling page: 0x00000170b5500000

Metaspace:

Usage:
  Non-class:     10.36 MB used.
      Class:      1.21 MB used.
       Both:     11.57 MB used.

Virtual space:
  Non-class space:       64.00 MB reserved,      10.44 MB ( 16%) committed,  1 nodes.
      Class space:        1.00 GB reserved,       1.31 MB ( <1%) committed,  1 nodes.
             Both:        1.06 GB reserved,      11.75 MB (  1%) committed. 

Chunk freelists:
   Non-Class:  5.00 MB
       Class:  14.73 MB
        Both:  19.73 MB

MaxMetaspaceSize: unlimited
CompressedClassSpaceSize: 1.00 GB
Initial GC threshold: 21.00 MB
Current GC threshold: 21.00 MB
CDS: on
 - commit_granule_bytes: 65536.
 - commit_granule_words: 8192.
 - virtual_space_node_default_size: 8388608.
 - enlarge_chunks_in_place: 1.
 - use_allocation_guard: 0.


Internal statistics:

num_allocs_failed_limit: 0.
num_arena_births: 158.
num_arena_deaths: 0.
num_vsnodes_births: 2.
num_vsnodes_deaths: 0.
num_space_committed: 188.
num_space_uncommitted: 0.
num_chunks_returned_to_freelist: 0.
num_chunks_taken_from_freelist: 209.
num_chunk_merges: 0.
num_chunk_splits: 120.
num_chunks_enlarged: 53.
num_inconsistent_stats: 0.

CodeHeap 'non-profiled nmethods': size=120000Kb used=4332Kb max_used=4332Kb free=115667Kb
 bounds [0x00000170c6d90000, 0x00000170c71d0000, 0x00000170ce2c0000]
CodeHeap 'profiled nmethods': size=120000Kb used=5785Kb max_used=5785Kb free=114214Kb
 bounds [0x00000170bf2c0000, 0x00000170bf870000, 0x00000170c67f0000]
CodeHeap 'non-nmethods': size=5760Kb used=1648Kb max_used=1773Kb free=4111Kb
 bounds [0x00000170c67f0000, 0x00000170c6a60000, 0x00000170c6d90000]
 total_blobs=3960 nmethods=3261 adapters=603
 compilation: enabled
              stopped_count=0, restarted_count=0
 full_count=0

Compilation events (20 events):
Event: 209130.836 Thread 0x00000170d36eaa00 nmethod 3252 0x00000170c71be410 code [0x00000170c71be6a0, 0x00000170c71bfa48]
Event: 307787.491 Thread 0x00000170d36eaa00 3253   !   4       jdk.internal.ref.PhantomCleanable::isListEmpty (34 bytes)
Event: 307787.499 Thread 0x00000170d36eaa00 nmethod 3253 0x00000170c71c0190 code [0x00000170c71c0320, 0x00000170c71c0578]
Event: 315468.503 Thread 0x00000170d36eaa00 3254   !   4       java.lang.ref.ReferenceQueue::remove (61 bytes)
Event: 315468.620 Thread 0x00000170d36eaa00 nmethod 3254 0x00000170c71c0690 code [0x00000170c71c0a20, 0x00000170c71c3128]
Event: 364403.752 Thread 0x00000170d36ed0c0 3255 % !   3       sun.java2d.d3d.D3DScreenUpdateManager::run @ 0 (267 bytes)
Event: 364403.838 Thread 0x00000170d36ed0c0 nmethod 3255% 0x00000170bf85f290 code [0x00000170bf85f700, 0x00000170bf861f88]
Event: 366240.615 Thread 0x00000170d36eaa00 3256 % !   4       sun.java2d.d3d.D3DScreenUpdateManager::run @ 0 (267 bytes)
Event: 366240.766 Thread 0x00000170d36eaa00 nmethod 3256% 0x00000170c71c4690 code [0x00000170c71c4b00, 0x00000170c71c7518]
Event: 436749.468 Thread 0x00000170d36eaa00 3257  s    4       java.util.Hashtable::put (104 bytes)
Event: 436749.529 Thread 0x00000170d36eaa00 nmethod 3257 0x00000170c71c8d10 code [0x00000170c71c8f20, 0x00000170c71c9a58]
Event: 472293.340 Thread 0x00000170d36eaa00 3258       4       sun.java2d.loops.GraphicsPrimitiveMgr::locate (104 bytes)
Event: 472293.412 Thread 0x00000170d36eaa00 nmethod 3258 0x00000170c71c9f10 code [0x00000170c71ca120, 0x00000170c71ca818]
Event: 472293.413 Thread 0x00000170d36eaa00 3259       4       java.util.Arrays::binarySearch (10 bytes)
Event: 472293.418 Thread 0x00000170d36eaa00 nmethod 3259 0x00000170c71cac90 code [0x00000170c71cae40, 0x00000170c71cb0b0]
Event: 472295.307 Thread 0x00000170d36eaa00 3260       4       sun.java2d.d3d.D3DDrawImage::renderImageXform (131 bytes)
Event: 472295.311 Thread 0x00000170d36ed0c0 3262   !   3       sun.java2d.d3d.D3DBlitLoops::IsoBlit (202 bytes)
Event: 472295.343 Thread 0x00000170d36ed0c0 nmethod 3262 0x00000170bf862f90 code [0x00000170bf8633a0, 0x00000170bf865348]
Event: 472295.343 Thread 0x00000170d36ed0c0 3263       3       sun.java2d.d3d.D3DBlitLoops::createPackedParams (60 bytes)
Event: 472295.343 Thread 0x00000170d36ed0c0 nmethod 3263 0x00000170bf866310 code [0x00000170bf8664c0, 0x00000170bf866720]

GC Heap History (20 events):
Event: 450980.610 GC heap before
{Heap before GC invocations=208 (full 0):
 garbage-first heap   total 131072K, used 81056K [0x0000000080a00000, 0x0000000100000000)
  region size 1024K, 76 young (77824K), 2 survivors (2048K)
 Metaspace       used 11850K, committed 12032K, reserved 1114112K
  class space    used 1242K, committed 1344K, reserved 1048576K
}
Event: 450980.615 GC heap after
{Heap after GC invocations=209 (full 0):
 garbage-first heap   total 131072K, used 5279K [0x0000000080a00000, 0x0000000100000000)
  region size 1024K, 2 young (2048K), 2 survivors (2048K)
 Metaspace       used 11850K, committed 12032K, reserved 1114112K
  class space    used 1242K, committed 1344K, reserved 1048576K
}
Event: 453152.566 GC heap before
{Heap before GC invocations=209 (full 0):
 garbage-first heap   total 131072K, used 81055K [0x0000000080a00000, 0x0000000100000000)
  region size 1024K, 76 young (77824K), 2 survivors (2048K)
 Metaspace       used 11850K, committed 12032K, reserved 1114112K
  class space    used 1242K, committed 1344K, reserved 1048576K
}
Event: 453152.571 GC heap after
{Heap after GC invocations=210 (full 0):
 garbage-first heap   total 131072K, used 5279K [0x0000000080a00000, 0x0000000100000000)
  region size 1024K, 2 young (2048K), 2 survivors (2048K)
 Metaspace       used 11850K, committed 12032K, reserved 1114112K
  class space    used 1242K, committed 1344K, reserved 1048576K
}
Event: 455329.771 GC heap before
{Heap before GC invocations=210 (full 0):
 garbage-first heap   total 131072K, used 81055K [0x0000000080a00000, 0x0000000100000000)
  region size 1024K, 76 young (77824K), 2 survivors (2048K)
 Metaspace       used 11850K, committed 12032K, reserved 1114112K
  class space    used 1242K, committed 1344K, reserved 1048576K
}
Event: 455329.776 GC heap after
{Heap after GC invocations=211 (full 0):
 garbage-first heap   total 131072K, used 5336K [0x0000000080a00000, 0x0000000100000000)
  region size 1024K, 2 young (2048K), 2 survivors (2048K)
 Metaspace       used 11850K, committed 12032K, reserved 1114112K
  class space    used 1242K, committed 1344K, reserved 1048576K
}
Event: 457503.127 GC heap before
{Heap before GC invocations=211 (full 0):
 garbage-first heap   total 131072K, used 81112K [0x0000000080a00000, 0x0000000100000000)
  region size 1024K, 76 young (77824K), 2 survivors (2048K)
 Metaspace       used 11850K, committed 12032K, reserved 1114112K
  class space    used 1242K, committed 1344K, reserved 1048576K
}
Event: 457503.135 GC heap after
{Heap after GC invocations=212 (full 0):
 garbage-first heap   total 131072K, used 5337K [0x0000000080a00000, 0x0000000100000000)
  region size 1024K, 2 young (2048K), 2 survivors (2048K)
 Metaspace       used 11850K, committed 12032K, reserved 1114112K
  class space    used 1242K, committed 1344K, reserved 1048576K
}
Event: 459687.540 GC heap before
{Heap before GC invocations=212 (full 0):
 garbage-first heap   total 131072K, used 81113K [0x0000000080a00000, 0x0000000100000000)
  region size 1024K, 76 young (77824K), 2 survivors (2048K)
 Metaspace       used 11850K, committed 12032K, reserved 1114112K
  class space    used 1242K, committed 1344K, reserved 1048576K
}
Event: 459687.548 GC heap after
{Heap after GC invocations=213 (full 0):
 garbage-first heap   total 131072K, used 5279K [0x0000000080a00000, 0x0000000100000000)
  region size 1024K, 2 young (2048K), 2 survivors (2048K)
 Metaspace       used 11850K, committed 12032K, reserved 1114112K
  class space    used 1242K, committed 1344K, reserved 1048576K
}
Event: 461866.260 GC heap before
{Heap before GC invocations=213 (full 0):
 garbage-first heap   total 131072K, used 81055K [0x0000000080a00000, 0x0000000100000000)
  region size 1024K, 76 young (77824K), 2 survivors (2048K)
 Metaspace       used 11850K, committed 12032K, reserved 1114112K
  class space    used 1242K, committed 1344K, reserved 1048576K
}
Event: 461866.268 GC heap after
{Heap after GC invocations=214 (full 0):
 garbage-first heap   total 131072K, used 5338K [0x0000000080a00000, 0x0000000100000000)
  region size 1024K, 2 young (2048K), 2 survivors (2048K)
 Metaspace       used 11850K, committed 12032K, reserved 1114112K
  class space    used 1242K, committed 1344K, reserved 1048576K
}
Event: 464039.165 GC heap before
{Heap before GC invocations=214 (full 0):
 garbage-first heap   total 131072K, used 81114K [0x0000000080a00000, 0x0000000100000000)
  region size 1024K, 76 young (77824K), 2 survivors (2048K)
 Metaspace       used 11850K, committed 12032K, reserved 1114112K
  class space    used 1242K, committed 1344K, reserved 1048576K
}
Event: 464039.170 GC heap after
{Heap after GC invocations=215 (full 0):
 garbage-first heap   total 131072K, used 5337K [0x0000000080a00000, 0x0000000100000000)
  region size 1024K, 2 young (2048K), 2 survivors (2048K)
 Metaspace       used 11850K, committed 12032K, reserved 1114112K
  class space    used 1242K, committed 1344K, reserved 1048576K
}
Event: 466220.170 GC heap before
{Heap before GC invocations=215 (full 0):
 garbage-first heap   total 131072K, used 81113K [0x0000000080a00000, 0x0000000100000000)
  region size 1024K, 76 young (77824K), 2 survivors (2048K)
 Metaspace       used 11850K, committed 12032K, reserved 1114112K
  class space    used 1242K, committed 1344K, reserved 1048576K
}
Event: 466220.174 GC heap after
{Heap after GC invocations=216 (full 0):
 garbage-first heap   total 131072K, used 5337K [0x0000000080a00000, 0x0000000100000000)
  region size 1024K, 2 young (2048K), 2 survivors (2048K)
 Metaspace       used 11850K, committed 12032K, reserved 1114112K
  class space    used 1242K, committed 1344K, reserved 1048576K
}
Event: 468390.694 GC heap before
{Heap before GC invocations=216 (full 0):
 garbage-first heap   total 131072K, used 81113K [0x0000000080a00000, 0x0000000100000000)
  region size 1024K, 76 young (77824K), 2 survivors (2048K)
 Metaspace       used 11850K, committed 12032K, reserved 1114112K
  class space    used 1242K, committed 1344K, reserved 1048576K
}
Event: 468390.702 GC heap after
{Heap after GC invocations=217 (full 0):
 garbage-first heap   total 131072K, used 5337K [0x0000000080a00000, 0x0000000100000000)
  region size 1024K, 2 young (2048K), 2 survivors (2048K)
 Metaspace       used 11850K, committed 12032K, reserved 1114112K
  class space    used 1242K, committed 1344K, reserved 1048576K
}
Event: 470566.127 GC heap before
{Heap before GC invocations=217 (full 0):
 garbage-first heap   total 131072K, used 81113K [0x0000000080a00000, 0x0000000100000000)
  region size 1024K, 76 young (77824K), 2 survivors (2048K)
 Metaspace       used 11850K, committed 12032K, reserved 1114112K
  class space    used 1242K, committed 1344K, reserved 1048576K
}
Event: 470566.136 GC heap after
{Heap after GC invocations=218 (full 0):
 garbage-first heap   total 131072K, used 5279K [0x0000000080a00000, 0x0000000100000000)
  region size 1024K, 2 young (2048K), 2 survivors (2048K)
 Metaspace       used 11850K, committed 12032K, reserved 1114112K
  class space    used 1242K, committed 1344K, reserved 1048576K
}

Dll operation events (9 events):
Event: 0.008 Loaded shared library C:\Program Files\Java\jdk-21\bin\java.dll
Event: 0.049 Loaded shared library C:\Program Files\Java\jdk-21\bin\jsvml.dll
Event: 0.088 Loaded shared library C:\Program Files\Java\jdk-21\bin\net.dll
Event: 0.091 Loaded shared library C:\Program Files\Java\jdk-21\bin\nio.dll
Event: 0.132 Loaded shared library C:\Program Files\Java\jdk-21\bin\zip.dll
Event: 0.152 Loaded shared library C:\Program Files\Java\jdk-21\bin\jimage.dll
Event: 0.170 Loaded shared library C:\Program Files\Java\jdk-21\bin\awt.dll
Event: 0.316 Loaded shared library C:\Program Files\Java\jdk-21\bin\freetype.dll
Event: 0.317 Loaded shared library C:\Program Files\Java\jdk-21\bin\fontmanager.dll

Deoptimization events (20 events):
Event: 472293.353 Thread 0x00000170d3c4e230 Uncommon trap: trap_request=0xffffffc6 fr.pc=0x00000170c70a4b8c relative=0x000000000000282c
Event: 472293.353 Thread 0x00000170d3c4e230 Uncommon trap: reason=bimorphic_or_optimized_type_check action=maybe_recompile pc=0x00000170c70a4b8c method=sun.java2d.d3d.D3DDrawImage.renderImageXform(Lsun/java2d/SunGraphics2D;Ljava/awt/Image;Ljava/awt/geom/AffineTransform;IIIIILjava/awt/Color;)V @ 107
Event: 472293.354 Thread 0x00000170d3c4e230 DEOPT PACKING pc=0x00000170c70a4b8c sp=0x0000001be29fe2f0
Event: 472293.354 Thread 0x00000170d3c4e230 DEOPT UNPACKING pc=0x00000170c68446a2 sp=0x0000001be29fe038 mode 2
Event: 472293.361 Thread 0x00000170d3c4e230 Uncommon trap: trap_request=0xffffff45 fr.pc=0x00000170c6e3b6f0 relative=0x0000000000000e50
Event: 472293.363 Thread 0x00000170d3c4e230 Uncommon trap: reason=unstable_if action=reinterpret pc=0x00000170c6e3b6f0 method=sun.java2d.d3d.D3DBlitLoops.createPackedParams(ZZZZII)I @ 12 c2
Event: 472293.365 Thread 0x00000170d3c4e230 DEOPT PACKING pc=0x00000170c6e3b6f0 sp=0x0000001be29fde60
Event: 472293.365 Thread 0x00000170d3c4e230 DEOPT UNPACKING pc=0x00000170c68446a2 sp=0x0000001be29fddc8 mode 2
Event: 472293.373 Thread 0x00000170d3c4e230 Uncommon trap: trap_request=0xffffffc6 fr.pc=0x00000170c70a4b8c relative=0x000000000000282c
Event: 472293.373 Thread 0x00000170d3c4e230 Uncommon trap: reason=bimorphic_or_optimized_type_check action=maybe_recompile pc=0x00000170c70a4b8c method=sun.java2d.d3d.D3DDrawImage.renderImageXform(Lsun/java2d/SunGraphics2D;Ljava/awt/Image;Ljava/awt/geom/AffineTransform;IIIIILjava/awt/Color;)V @ 107
Event: 472293.373 Thread 0x00000170d3c4e230 DEOPT PACKING pc=0x00000170c70a4b8c sp=0x0000001be29fe160
Event: 472293.373 Thread 0x00000170d3c4e230 DEOPT UNPACKING pc=0x00000170c68446a2 sp=0x0000001be29fdea8 mode 2
Event: 472293.374 Thread 0x00000170d3c4e230 Uncommon trap: trap_request=0xffffffc6 fr.pc=0x00000170c70a4b8c relative=0x000000000000282c
Event: 472293.374 Thread 0x00000170d3c4e230 Uncommon trap: reason=bimorphic_or_optimized_type_check action=maybe_recompile pc=0x00000170c70a4b8c method=sun.java2d.d3d.D3DDrawImage.renderImageXform(Lsun/java2d/SunGraphics2D;Ljava/awt/Image;Ljava/awt/geom/AffineTransform;IIIIILjava/awt/Color;)V @ 107
Event: 472293.374 Thread 0x00000170d3c4e230 DEOPT PACKING pc=0x00000170c70a4b8c sp=0x0000001be29fe160
Event: 472293.374 Thread 0x00000170d3c4e230 DEOPT UNPACKING pc=0x00000170c68446a2 sp=0x0000001be29fdea8 mode 2
Event: 472293.375 Thread 0x00000170d3c4e230 Uncommon trap: trap_request=0xffffffc6 fr.pc=0x00000170c70a4b8c relative=0x000000000000282c
Event: 472293.375 Thread 0x00000170d3c4e230 Uncommon trap: reason=bimorphic_or_optimized_type_check action=maybe_recompile pc=0x00000170c70a4b8c method=sun.java2d.d3d.D3DDrawImage.renderImageXform(Lsun/java2d/SunGraphics2D;Ljava/awt/Image;Ljava/awt/geom/AffineTransform;IIIIILjava/awt/Color;)V @ 107
Event: 472293.375 Thread 0x00000170d3c4e230 DEOPT PACKING pc=0x00000170c70a4b8c sp=0x0000001be29fe160
Event: 472293.375 Thread 0x00000170d3c4e230 DEOPT UNPACKING pc=0x00000170c68446a2 sp=0x0000001be29fdea8 mode 2

Classes loaded (20 events):
Event: 83249.173 Loading class java/awt/LinearGradientPaintContext
Event: 83249.175 Loading class java/awt/MultipleGradientPaintContext
Event: 83249.178 Loading class java/awt/PaintContext
Event: 83249.179 Loading class java/awt/PaintContext done
Event: 83249.179 Loading class java/awt/MultipleGradientPaintContext done
Event: 83249.179 Loading class java/awt/LinearGradientPaintContext done
Event: 83249.183 Loading class sun/java2d/pipe/AlphaPaintPipe$TileContext
Event: 83249.183 Loading class sun/java2d/pipe/AlphaPaintPipe$TileContext done
Event: 83249.195 Loading class sun/awt/image/BufImgVolatileSurfaceManager
Event: 83249.195 Loading class sun/awt/image/BufImgVolatileSurfaceManager done
Event: 83249.200 Loading class javax/swing/RepaintManager$DoubleBufferInfo
Event: 83249.201 Loading class javax/swing/RepaintManager$DoubleBufferInfo done
Event: 83249.202 Loading class sun/awt/image/OffScreenImage
Event: 83249.204 Loading class sun/awt/image/OffScreenImage done
Event: 83249.204 Loading class sun/awt/image/BufImgSurfaceManager
Event: 83249.204 Loading class sun/awt/image/BufImgSurfaceManager done
Event: 83249.207 Loading class java/awt/image/MultiResolutionImage
Event: 83249.207 Loading class java/awt/image/MultiResolutionImage done
Event: 83249.210 Loading class sun/java2d/SurfaceDataProxy$CountdownTracker
Event: 83249.210 Loading class sun/java2d/SurfaceDataProxy$CountdownTracker done

Classes unloaded (0 events):
No events

Classes redefined (0 events):
No events

Internal exceptions (20 events):
Event: 0.363 Thread 0x00000170b558b7a0 Exception <a 'java/lang/ClassNotFoundException'{0x0000000088445a78}: ToolTip> (0x0000000088445a78) 
thrown [s\open\src\hotspot\share\classfile\systemDictionary.cpp, line 312]
Event: 0.364 Thread 0x00000170b558b7a0 Exception <a 'java/lang/ClassNotFoundException'{0x00000000884463b8}: Tree> (0x00000000884463b8) 
thrown [s\open\src\hotspot\share\classfile\systemDictionary.cpp, line 312]
Event: 0.365 Thread 0x00000170b558b7a0 Exception <a 'java/lang/ClassNotFoundException'{0x00000000884468b0}: Tree> (0x00000000884468b0) 
thrown [s\open\src\hotspot\share\classfile\systemDictionary.cpp, line 312]
Event: 0.365 Thread 0x00000170b558b7a0 Exception <a 'java/lang/ClassNotFoundException'{0x0000000088446c20}: javax/swing/JTreeCell> (0x0000000088446c20) 
thrown [s\open\src\hotspot\share\classfile\systemDictionary.cpp, line 312]
Event: 0.365 Thread 0x00000170b558b7a0 Exception <a 'java/lang/ClassNotFoundException'{0x0000000088446f28}: TreeCell> (0x0000000088446f28) 
thrown [s\open\src\hotspot\share\classfile\systemDictionary.cpp, line 312]
Event: 0.365 Thread 0x00000170b558b7a0 Exception <a 'java/lang/ClassNotFoundException'{0x00000000884476d0}: RootPane> (0x00000000884476d0) 
thrown [s\open\src\hotspot\share\classfile\systemDictionary.cpp, line 312]
Event: 0.367 Thread 0x00000170b558b7a0 Exception <a 'java/lang/ClassNotFoundException'{0x000000008844a460}: com/sun/swing/internal/plaf/metal/resources/spi/metalProvider> (0x000000008844a460) 
thrown [s\open\src\hotspot\share\classfile\systemDictionary.cpp, line 312]
Event: 0.368 Thread 0x00000170b558b7a0 Exception <a 'java/lang/ClassNotFoundException'{0x000000008844e0c0}: com/sun/swing/internal/plaf/basic/resources/spi/basicProvider> (0x000000008844e0c0) 
thrown [s\open\src\hotspot\share\classfile\systemDictionary.cpp, line 312]
Event: 0.460 Thread 0x00000170d3c4e230 Exception <a 'java/lang/ClassNotFoundException'{0x0000000088314fc8}: com/sun/swing/internal/plaf/synth/resources/spi/synthProvider> (0x0000000088314fc8) 
thrown [s\open\src\hotspot\share\classfile\systemDictionary.cpp, line 312]
Event: 0.475 Thread 0x00000170d3c4e230 Exception <a 'java/lang/NoSuchMethodError'{0x0000000088358300}: 'int java.lang.invoke.Invokers$Holder.invokeExact_MT(java.lang.Object, java.lang.Object)'> (0x0000000088358300) 
thrown [s\open\src\hotspot\share\interpreter\linkResolver.cpp, line 773]
Event: 0.484 Thread 0x00000170d3c4e230 Exception <a 'java/lang/NoSuchMethodError'{0x0000000088364100}: 'java.lang.Object java.lang.invoke.DirectMethodHandle$Holder.newInvokeSpecial(java.lang.Object, java.lang.Object, int)'> (0x0000000088364100) 
thrown [s\open\src\hotspot\share\interpreter\linkResolver.cpp, line 773]
Event: 0.485 Thread 0x00000170d3c4e230 Exception <a 'java/lang/NoSuchMethodError'{0x0000000088368fb0}: 'int java.lang.invoke.DirectMethodHandle$Holder.invokeSpecial(java.lang.Object, java.lang.Object, java.lang.Object, int)'> (0x0000000088368fb0) 
thrown [s\open\src\hotspot\share\interpreter\linkResolver.cpp, line 773]
Event: 0.487 Thread 0x00000170d3c4e230 Exception <a 'java/lang/NoSuchMethodError'{0x000000008837b608}: 'java.lang.Object java.lang.invoke.DirectMethodHandle$Holder.invokeStatic(java.lang.Object, java.lang.Object, java.lang.Object, java.lang.Object, int)'> (0x000000008837b608) 
thrown [s\open\src\hotspot\share\interpreter\linkResolver.cpp, line 773]
Event: 0.488 Thread 0x00000170d3c4e230 Exception <a 'java/lang/NoSuchMethodError'{0x0000000088387048}: 'int java.lang.invoke.DirectMethodHandle$Holder.invokeSpecial(java.lang.Object, java.lang.Object, java.lang.Object)'> (0x0000000088387048) 
thrown [s\open\src\hotspot\share\interpreter\linkResolver.cpp, line 773]
Event: 0.534 Thread 0x00000170d3b1ac20 Exception <a 'java/lang/NoSuchMethodError'{0x00000000886d67d0}: 'void java.lang.invoke.DirectMethodHandle$Holder.invokeVirtual(java.lang.Object, java.lang.Object)'> (0x00000000886d67d0) 
thrown [s\open\src\hotspot\share\interpreter\linkResolver.cpp, line 773]
Event: 0.550 Thread 0x00000170d3c4e230 Exception <a 'java/lang/NoSuchMethodError'{0x00000000883e1a18}: 'void java.lang.invoke.DirectMethodHandle$Holder.invokeStaticInit(java.lang.Object)'> (0x00000000883e1a18) 
thrown [s\open\src\hotspot\share\interpreter\linkResolver.cpp, line 773]
Event: 6813.103 Thread 0x00000170d3c4e230 Implicit null exception at 0x00000170c6e2038d to 0x00000170c6e220f4
Event: 83249.160 Thread 0x00000170d3c4e230 Implicit null exception at 0x00000170c6e3e460 to 0x00000170c6e40a9c
Event: 83249.166 Thread 0x00000170d3c4e230 Implicit null exception at 0x00000170c6f83012 to 0x00000170c6f857b0
Event: 83249.324 Thread 0x00000170d3c4e230 Implicit null exception at 0x00000170c6f8bde7 to 0x00000170c6f8be6d

ZGC Phase Switch (0 events):
No events

VM Operations (20 events):
Event: 471972.898 Executing VM operation: RendezvousGCThreads
Event: 471972.898 Executing VM operation: RendezvousGCThreads done
Event: 472033.029 Executing VM operation: HandshakeAllThreads (HandshakeForDeflation)
Event: 472033.029 Executing VM operation: HandshakeAllThreads (HandshakeForDeflation) done
Event: 472033.029 Executing VM operation: RendezvousGCThreads
Event: 472033.029 Executing VM operation: RendezvousGCThreads done
Event: 472093.092 Executing VM operation: HandshakeAllThreads (HandshakeForDeflation)
Event: 472093.092 Executing VM operation: HandshakeAllThreads (HandshakeForDeflation) done
Event: 472093.092 Executing VM operation: RendezvousGCThreads
Event: 472093.092 Executing VM operation: RendezvousGCThreads done
Event: 472213.306 Executing VM operation: HandshakeAllThreads (HandshakeForDeflation)
Event: 472213.306 Executing VM operation: HandshakeAllThreads (HandshakeForDeflation) done
Event: 472213.306 Executing VM operation: RendezvousGCThreads
Event: 472213.306 Executing VM operation: RendezvousGCThreads done
Event: 472273.435 Executing VM operation: HandshakeAllThreads (HandshakeForDeflation)
Event: 472273.435 Executing VM operation: HandshakeAllThreads (HandshakeForDeflation) done
Event: 472273.436 Executing VM operation: RendezvousGCThreads
Event: 472273.436 Executing VM operation: RendezvousGCThreads done
Event: 472293.666 Executing VM operation: Cleanup
Event: 472293.666 Executing VM operation: Cleanup done

Events (20 events):
Event: 0.047 Thread 0x00000170d36e59e0 Thread added: 0x00000170d36e59e0
Event: 0.047 Thread 0x00000170d36ea060 Thread added: 0x00000170d36ea060
Event: 0.047 Thread 0x00000170d36eaa00 Thread added: 0x00000170d36eaa00
Event: 0.048 Thread 0x00000170d36ed0c0 Thread added: 0x00000170d36ed0c0
Event: 0.073 Thread 0x00000170d38fd820 Thread added: 0x00000170d38fd820
Event: 0.117 Thread 0x00000170d39d2ee0 Thread added: 0x00000170d39d2ee0
Event: 0.122 Thread 0x00000170d3a1cff0 Thread added: 0x00000170d3a1cff0
Event: 0.233 Thread 0x00000170d3b17f30 Thread added: 0x00000170d3b17f30
Event: 0.235 Thread 0x00000170d3b1a5b0 Thread added: 0x00000170d3b1a5b0
Event: 0.236 Thread 0x00000170d3b1ac20 Thread added: 0x00000170d3b1ac20
Event: 0.380 Thread 0x00000170d3c4e230 Thread added: 0x00000170d3c4e230
Event: 0.380 Thread 0x00000170b558b7a0 Thread exited: 0x00000170b558b7a0
Event: 0.380 Thread 0x00000170b558b7a0 Thread added: 0x00000170b558b7a0
Event: 0.628 Thread 0x000001711a5abf30 Thread added: 0x000001711a5abf30
Event: 0.647 Thread 0x000001711a355f70 Thread added: 0x000001711a355f70
Event: 0.827 Thread 0x00000170d3a1cff0 Thread exited: 0x00000170d3a1cff0
Event: 1.653 Thread 0x000001711a675170 Thread added: 0x000001711a675170
Event: 1.849 Thread 0x000001711a675170 Thread exited: 0x000001711a675170
Event: 4390.565 Thread 0x000001711a4dfa20 Thread added: 0x000001711a4dfa20
Event: 4395.632 Thread 0x000001711a4dfa20 Thread exited: 0x000001711a4dfa20


Dynamic libraries:
0x00007ff697b80000 - 0x00007ff697b90000 	C:\Program Files\Java\jdk-21\bin\java.exe
0x00007ffc60ff0000 - 0x00007ffc611e8000 	C:\Windows\SYSTEM32\ntdll.dll
0x00007ffc5fb60000 - 0x00007ffc5fc1d000 	C:\Windows\System32\KERNEL32.DLL
0x00007ffc5e860000 - 0x00007ffc5eb56000 	C:\Windows\System32\KERNELBASE.dll
0x00007ffc5eb60000 - 0x00007ffc5ec60000 	C:\Windows\System32\ucrtbase.dll
0x00007ffbf2fd0000 - 0x00007ffbf2fe9000 	C:\Program Files\Java\jdk-21\bin\jli.dll
0x00007ffc25b40000 - 0x00007ffc25b5b000 	C:\Program Files\Java\jdk-21\bin\VCRUNTIME140.dll
0x00007ffc5f1f0000 - 0x00007ffc5f2a0000 	C:\Windows\System32\ADVAPI32.dll
0x00007ffc60200000 - 0x00007ffc6029e000 	C:\Windows\System32\msvcrt.dll
0x00007ffc5f030000 - 0x00007ffc5f0d0000 	C:\Windows\System32\sechost.dll
0x00007ffc602a0000 - 0x00007ffc603c3000 	C:\Windows\System32\RPCRT4.dll
0x00007ffc5ee70000 - 0x00007ffc5ee97000 	C:\Windows\System32\bcrypt.dll
0x00007ffc5ffb0000 - 0x00007ffc6014f000 	C:\Windows\System32\USER32.dll
0x00007ffc5ed00000 - 0x00007ffc5ed22000 	C:\Windows\System32\win32u.dll
0x00007ffc5f130000 - 0x00007ffc5f15b000 	C:\Windows\System32\GDI32.dll
0x00007ffc49410000 - 0x00007ffc496aa000 	C:\Windows\WinSxS\amd64_microsoft.windows.common-controls_6595b64144ccf1df_6.0.19041.4355_none_60b8b9eb71f62e16\COMCTL32.dll
0x00007ffc5eea0000 - 0x00007ffc5efb7000 	C:\Windows\System32\gdi32full.dll
0x00007ffc5ec60000 - 0x00007ffc5ecfd000 	C:\Windows\System32\msvcp_win.dll
0x00007ffc57f90000 - 0x00007ffc57f9a000 	C:\Windows\SYSTEM32\VERSION.dll
0x00007ffc5f1c0000 - 0x00007ffc5f1ef000 	C:\Windows\System32\IMM32.DLL
0x00007ffc25b30000 - 0x00007ffc25b3c000 	C:\Program Files\Java\jdk-21\bin\vcruntime140_1.dll
0x00007ffc09df0000 - 0x00007ffc09e7e000 	C:\Program Files\Java\jdk-21\bin\msvcp140.dll
0x00007ffc08530000 - 0x00007ffc09247000 	C:\Program Files\Java\jdk-21\bin\server\jvm.dll
0x00007ffc60b60000 - 0x00007ffc60bcb000 	C:\Windows\System32\WS2_32.dll
0x00007ffc5dbe0000 - 0x00007ffc5dc2b000 	C:\Windows\SYSTEM32\POWRPROF.dll
0x00007ffc54650000 - 0x00007ffc54677000 	C:\Windows\SYSTEM32\WINMM.dll
0x00007ffc5daa0000 - 0x00007ffc5dab2000 	C:\Windows\SYSTEM32\UMPDC.dll
0x00007ffc5c550000 - 0x00007ffc5c562000 	C:\Windows\SYSTEM32\kernel.appcore.dll
0x00007ffc25ac0000 - 0x00007ffc25aca000 	C:\Program Files\Java\jdk-21\bin\jimage.dll
0x00007ffc58530000 - 0x00007ffc58714000 	C:\Windows\SYSTEM32\DBGHELP.DLL
0x00007ffc4aca0000 - 0x00007ffc4acd4000 	C:\Windows\SYSTEM32\dbgcore.DLL
0x00007ffc5ed30000 - 0x00007ffc5edb2000 	C:\Windows\System32\bcryptPrimitives.dll
0x00007ffc25ad0000 - 0x00007ffc25aef000 	C:\Program Files\Java\jdk-21\bin\java.dll
0x00007ffc603d0000 - 0x00007ffc60b3c000 	C:\Windows\System32\SHELL32.dll
0x00007ffc5c750000 - 0x00007ffc5ceed000 	C:\Windows\SYSTEM32\windows.storage.dll
0x00007ffc5f2a0000 - 0x00007ffc5f5f3000 	C:\Windows\System32\combase.dll
0x00007ffc5e0d0000 - 0x00007ffc5e0fe000 	C:\Windows\SYSTEM32\Wldp.dll
0x00007ffc60bd0000 - 0x00007ffc60c9d000 	C:\Windows\System32\OLEAUT32.dll
0x00007ffc5fc30000 - 0x00007ffc5fcdd000 	C:\Windows\System32\SHCORE.dll
0x00007ffc5f160000 - 0x00007ffc5f1b5000 	C:\Windows\System32\shlwapi.dll
0x00007ffc5e5e0000 - 0x00007ffc5e604000 	C:\Windows\SYSTEM32\profapi.dll
0x00007ffc0a070000 - 0x00007ffc0a147000 	C:\Program Files\Java\jdk-21\bin\jsvml.dll
0x00007ffc0ad40000 - 0x00007ffc0ad50000 	C:\Program Files\Java\jdk-21\bin\net.dll
0x00007ffc57cd0000 - 0x00007ffc57dda000 	C:\Windows\SYSTEM32\WINHTTP.dll
0x00007ffc5de30000 - 0x00007ffc5de9a000 	C:\Windows\system32\mswsock.dll
0x00007ffc0ad20000 - 0x00007ffc0ad36000 	C:\Program Files\Java\jdk-21\bin\nio.dll
0x00007ffc0a570000 - 0x00007ffc0a588000 	C:\Program Files\Java\jdk-21\bin\zip.dll
0x00007ffc09e80000 - 0x00007ffc0a00f000 	C:\Program Files\Java\jdk-21\bin\awt.dll
0x00007ffc5bbc0000 - 0x00007ffc5bc50000 	C:\Windows\SYSTEM32\apphelp.dll
0x00007ffc5c070000 - 0x00007ffc5c10e000 	C:\Windows\system32\uxtheme.dll
0x00007ffc5fe10000 - 0x00007ffc5ff24000 	C:\Windows\System32\MSCTF.dll
0x00007ffc5fce0000 - 0x00007ffc5fe0b000 	C:\Windows\System32\ole32.dll
0x00007ffc5c370000 - 0x00007ffc5c39f000 	C:\Windows\system32\DWMAPI.DLL
0x00007ffc08460000 - 0x00007ffc084e7000 	C:\Program Files\Java\jdk-21\bin\freetype.dll
0x00007ffc08370000 - 0x00007ffc08452000 	C:\Program Files\Java\jdk-21\bin\fontmanager.dll
0x00007ffc124f0000 - 0x00007ffc12615000 	C:\Windows\system32\opengl32.dll
0x00007ffc124c0000 - 0x00007ffc124ec000 	C:\Windows\SYSTEM32\GLU32.dll
0x00007ffc25700000 - 0x00007ffc258ce000 	C:\Windows\system32\d3d9.dll
0x00007ffc54680000 - 0x00007ffc5483b000 	C:\Windows\System32\DriverStore\FileRepository\u0390451.inf_amd64_39377efdd62734d1\B390182\aticfx64.dll
0x00007ffbf2f60000 - 0x00007ffbf2f94000 	C:\Windows\System32\DriverStore\FileRepository\u0390451.inf_amd64_39377efdd62734d1\B390182\atiu9p64.dll
0x00007ffbebd20000 - 0x00007ffbeca75000 	C:\Windows\System32\DriverStore\FileRepository\u0390451.inf_amd64_39377efdd62734d1\B390182\atiumd64.dll
0x0000000057a80000 - 0x00000000589a7000 	C:\Windows\System32\DriverStore\FileRepository\u0390451.inf_amd64_39377efdd62734d1\B390182\atiumd6a.dll
0x00007ffc5f690000 - 0x00007ffc5fafe000 	C:\Windows\System32\SETUPAPI.dll
0x00007ffc5e810000 - 0x00007ffc5e85e000 	C:\Windows\System32\cfgmgr32.dll
0x00007ffc4e980000 - 0x00007ffc4e9b5000 	C:\Windows\SYSTEM32\amdihk64.dll
0x00007ffc54a50000 - 0x00007ffc54a8b000 	C:\Windows\SYSTEM32\dxcore.dll
0x00007ffc60150000 - 0x00007ffc601f9000 	C:\Windows\System32\clbcatq.dll
0x00007ffc5be70000 - 0x00007ffc5c024000 	C:\Windows\SYSTEM32\WindowsCodecs.dll
0x00007ffc3f4f0000 - 0x00007ffc3f52e000 	C:\Windows\system32\dataexchange.dll
0x00007ffc59b20000 - 0x00007ffc59d83000 	C:\Windows\system32\d3d11.dll
0x00007ffc5abc0000 - 0x00007ffc5ada5000 	C:\Windows\system32\dcomp.dll
0x00007ffc5cf30000 - 0x00007ffc5d022000 	C:\Windows\system32\dxgi.dll
0x00007ffc56d10000 - 0x00007ffc56f13000 	C:\Windows\system32\twinapi.appcore.dll
0x00007ffc466f0000 - 0x00007ffc467e9000 	C:\Windows\SYSTEM32\textinputframework.dll
0x00007ffc5b790000 - 0x00007ffc5b882000 	C:\Windows\System32\CoreMessaging.dll
0x00007ffc5b310000 - 0x00007ffc5b66b000 	C:\Windows\System32\CoreUIComponents.dll
0x00007ffc5d800000 - 0x00007ffc5d833000 	C:\Windows\SYSTEM32\ntmarta.dll
0x00007ffc5a860000 - 0x00007ffc5a9b7000 	C:\Windows\SYSTEM32\wintypes.dll

dbghelp: loaded successfully - version: 4.0.5 - missing functions: none
symbol engine: initialized successfully - sym options: 0x614 - pdb path: .;C:\Program Files\Java\jdk-21\bin;C:\Windows\SYSTEM32;C:\Windows\WinSxS\amd64_microsoft.windows.common-controls_6595b64144ccf1df_6.0.19041.4355_none_60b8b9eb71f62e16;C:\Program Files\Java\jdk-21\bin\server;C:\Windows\System32\DriverStore\FileRepository\u0390451.inf_amd64_39377efdd62734d1\B390182

VM Arguments:
jvm_args: -Dfile.encoding=UTF-8 --module-path=C:\Users\HUGET FIRMANSYAH\Downloads\New folder\Inventory-main\Inventory-main\build\classes 
java_command: view.MenuUtama
java_class_path (initial): C:\Users\HUGET FIRMANSYAH\Downloads\New folder\Inventory-main\Inventory-main\mysql-connector-java-8.0.25.jar;C:\Users\HUGET FIRMANSYAH\Downloads\New folder\Inventory-main\Inventory-main\build\classes
Launcher Type: SUN_STANDARD

[Global flags]
     intx CICompilerCount                          = 3                                         {product} {ergonomic}
     uint ConcGCThreads                            = 1                                         {product} {ergonomic}
     uint G1ConcRefinementThreads                  = 4                                         {product} {ergonomic}
   size_t G1HeapRegionSize                         = 1048576                                   {product} {ergonomic}
    uintx GCDrainStackTargetSize                   = 64                                        {product} {ergonomic}
   size_t InitialHeapSize                          = 134217728                                 {product} {ergonomic}
   size_t MarkStackSize                            = 4194304                                   {product} {ergonomic}
   size_t MaxHeapSize                              = 2136997888                                {product} {ergonomic}
   size_t MaxNewSize                               = 1281359872                                {product} {ergonomic}
   size_t MinHeapDeltaBytes                        = 1048576                                   {product} {ergonomic}
   size_t MinHeapSize                              = 8388608                                   {product} {ergonomic}
    uintx NonNMethodCodeHeapSize                   = 5832780                                {pd product} {ergonomic}
    uintx NonProfiledCodeHeapSize                  = 122912730                              {pd product} {ergonomic}
    uintx ProfiledCodeHeapSize                     = 122912730                              {pd product} {ergonomic}
    uintx ReservedCodeCacheSize                    = 251658240                              {pd product} {ergonomic}
     bool SegmentedCodeCache                       = true                                      {product} {ergonomic}
   size_t SoftMaxHeapSize                          = 2136997888                             {manageable} {ergonomic}
     bool UseCompressedOops                        = true                           {product lp64_product} {ergonomic}
     bool UseG1GC                                  = true                                      {product} {ergonomic}
     bool UseLargePagesIndividualAllocation        = false                                  {pd product} {ergonomic}

Logging:
Log output configuration:
 #0: stdout all=warning uptime,level,tags foldmultilines=false
 #1: stderr all=off uptime,level,tags foldmultilines=false

Environment Variables:
PATH=C:\Program Files\Common Files\Oracle\Java\javapath;C:\Windows\system32;C:\Windows;C:\Windows\System32\Wbem;C:\Windows\System32\WindowsPowerShell\v1.0\;C:\Windows\System32\OpenSSH\;D:\Git\cmd;C:\Users\HUGET FIRMANSYAH\AppData\Local\Microsoft\WindowsApps;;D:\Microsoft VS Code\bin
USERNAME=HUGET FIRMANSYAH
OS=Windows_NT
PROCESSOR_IDENTIFIER=Intel64 Family 6 Model 94 Stepping 3, GenuineIntel
TMP=C:\Users\HUGETF~1\AppData\Local\Temp
TEMP=C:\Users\HUGETF~1\AppData\Local\Temp




Periodic native trim disabled

---------------  S Y S T E M  ---------------

OS:
 Windows 10 , 64 bit Build 19041 (10.0.19041.3636)
OS uptime: 5 days 11:16 hours

CPU: total 4 (initial active 4) (4 cores per cpu, 1 threads per core) family 6 model 94 stepping 3 microcode 0xcc, cx8, cmov, fxsr, mmx, 3dnowpref, sse, sse2, sse3, ssse3, sse4.1, sse4.2, popcnt, lzcnt, tsc, tscinvbit, avx, avx2, aes, erms, clmul, bmi1, bmi2, adx, fma, vzeroupper, clflush, clflushopt, rdtscp, f16c
Processor Information for all 4 processors :
  Max Mhz: 2701, Current Mhz: 2701, Mhz Limit: 2701

Memory: 4k page, system-wide physical 8144M (567M free)
TotalPageFile size 29968M (AvailPageFile size 0M)
current process WorkingSet (physical memory assigned to process): 159M, peak: 223M
current process commit charge ("private bytes"): 411M, peak: 456M

vm_info: Java HotSpot(TM) 64-Bit Server VM (21.0.2+13-LTS-58) for windows-amd64 JRE (21.0.2+13-LTS-58), built on 2024-01-05T18:32:24Z by "mach5one" with MS VC++ 17.1 (VS2022)

END.
